2021-12-08 23:06:37,595 INFO  Logger.cs: 70 - 
--------------------------------------------------------------------------------
2021-12-08 23:06:37,628 INFO  Logger.cs: 71 - Logging commencing for SW2URDF exporter
2021-12-08 23:06:37,630 INFO  Logger.cs: 73 - Commit version 1.6.0-4-g7f85cfe
2021-12-08 23:06:37,631 INFO  Logger.cs: 74 - Build version 1.6.7995.38578
2021-12-08 23:06:37,635 INFO  SwAddin.cs: 192 - Attempting to connect to SW
2021-12-08 23:06:37,636 INFO  SwAddin.cs: 197 - Setting up callbacks
2021-12-08 23:06:37,637 INFO  SwAddin.cs: 201 - Setting up command manager
2021-12-08 23:06:37,639 INFO  SwAddin.cs: 204 - Adding command manager
2021-12-08 23:06:37,642 INFO  SwAddin.cs: 263 - Adding Assembly export to file menu
2021-12-08 23:06:37,644 INFO  SwAddin.cs: 272 - Adding Part export to file menu
2021-12-08 23:06:37,644 INFO  SwAddin.cs: 210 - Adding event handlers
2021-12-08 23:06:37,650 INFO  SwAddin.cs: 217 - Connecting plugin to SolidWorks
2021-12-08 23:55:22,222 INFO  SwAddin.cs: 294 - Assembly export called for file ass1.SLDASM
2021-12-08 23:55:23,547 INFO  SwAddin.cs: 313 - Saving assembly
2021-12-08 23:55:23,656 INFO  SwAddin.cs: 316 - Opening property manager
2021-12-08 23:55:23,685 INFO  ExportHelperExtension.cs: 1125 - Retrieving features of type [CoordSys] from ass1.SLDASM
2021-12-08 23:55:23,692 INFO  ExportHelperExtension.cs: 1136 - Found 34 in ass1.SLDASM
2021-12-08 23:55:23,694 INFO  ExportHelperExtension.cs: 1145 - Found 0 features of type [CoordSys] in ass1.SLDASM
2021-12-08 23:55:23,694 INFO  ExportHelperExtension.cs: 1148 - Proceeding through assembly components
2021-12-08 23:55:23,696 INFO  ExportHelperExtension.cs: 1160 - 5 components to check
2021-12-08 23:55:23,701 INFO  ExportHelperExtension.cs: 1125 - Retrieving features of type [CoordSys] from Base-1
2021-12-08 23:55:23,702 INFO  ExportHelperExtension.cs: 1136 - Found 37 in Base-1
2021-12-08 23:55:23,703 INFO  ExportHelperExtension.cs: 1145 - Found 0 features of type [CoordSys] in Base-1
2021-12-08 23:55:23,704 INFO  ExportHelperExtension.cs: 1125 - Retrieving features of type [CoordSys] from Wheel-2
2021-12-08 23:55:23,705 INFO  ExportHelperExtension.cs: 1136 - Found 25 in Wheel-2
2021-12-08 23:55:23,706 INFO  ExportHelperExtension.cs: 1145 - Found 0 features of type [CoordSys] in Wheel-2
2021-12-08 23:55:23,707 INFO  ExportHelperExtension.cs: 1125 - Retrieving features of type [CoordSys] from laser-1
2021-12-08 23:55:23,708 INFO  ExportHelperExtension.cs: 1136 - Found 27 in laser-1
2021-12-08 23:55:23,708 INFO  ExportHelperExtension.cs: 1145 - Found 0 features of type [CoordSys] in laser-1
2021-12-08 23:55:23,709 INFO  ExportHelperExtension.cs: 1125 - Retrieving features of type [CoordSys] from Wheel-1
2021-12-08 23:55:23,709 INFO  ExportHelperExtension.cs: 1136 - Found 25 in Wheel-1
2021-12-08 23:55:23,710 INFO  ExportHelperExtension.cs: 1145 - Found 0 features of type [CoordSys] in Wheel-1
2021-12-08 23:55:23,710 INFO  ExportHelperExtension.cs: 1125 - Retrieving features of type [CoordSys] from Assem2^ass1-1
2021-12-08 23:55:23,748 INFO  ExportHelperExtension.cs: 1136 - Found 22 in Assem2^ass1-1
2021-12-08 23:55:23,749 INFO  ExportHelperExtension.cs: 1145 - Found 0 features of type [CoordSys] in Assem2^ass1-1
2021-12-08 23:55:23,750 INFO  ExportHelperExtension.cs: 1125 - Retrieving features of type [RefAxis] from ass1.SLDASM
2021-12-08 23:55:23,750 INFO  ExportHelperExtension.cs: 1136 - Found 34 in ass1.SLDASM
2021-12-08 23:55:23,751 INFO  ExportHelperExtension.cs: 1145 - Found 0 features of type [RefAxis] in ass1.SLDASM
2021-12-08 23:55:23,752 INFO  ExportHelperExtension.cs: 1148 - Proceeding through assembly components
2021-12-08 23:55:23,752 INFO  ExportHelperExtension.cs: 1160 - 5 components to check
2021-12-08 23:55:23,752 INFO  ExportHelperExtension.cs: 1125 - Retrieving features of type [RefAxis] from Base-1
2021-12-08 23:55:23,753 INFO  ExportHelperExtension.cs: 1136 - Found 37 in Base-1
2021-12-08 23:55:23,754 INFO  ExportHelperExtension.cs: 1145 - Found 0 features of type [RefAxis] in Base-1
2021-12-08 23:55:23,754 INFO  ExportHelperExtension.cs: 1125 - Retrieving features of type [RefAxis] from Wheel-2
2021-12-08 23:55:23,755 INFO  ExportHelperExtension.cs: 1136 - Found 25 in Wheel-2
2021-12-08 23:55:23,756 INFO  ExportHelperExtension.cs: 1145 - Found 0 features of type [RefAxis] in Wheel-2
2021-12-08 23:55:23,756 INFO  ExportHelperExtension.cs: 1125 - Retrieving features of type [RefAxis] from laser-1
2021-12-08 23:55:23,757 INFO  ExportHelperExtension.cs: 1136 - Found 27 in laser-1
2021-12-08 23:55:23,757 INFO  ExportHelperExtension.cs: 1145 - Found 0 features of type [RefAxis] in laser-1
2021-12-08 23:55:23,758 INFO  ExportHelperExtension.cs: 1125 - Retrieving features of type [RefAxis] from Wheel-1
2021-12-08 23:55:23,758 INFO  ExportHelperExtension.cs: 1136 - Found 25 in Wheel-1
2021-12-08 23:55:23,758 INFO  ExportHelperExtension.cs: 1145 - Found 0 features of type [RefAxis] in Wheel-1
2021-12-08 23:55:23,759 INFO  ExportHelperExtension.cs: 1125 - Retrieving features of type [RefAxis] from Assem2^ass1-1
2021-12-08 23:55:23,759 INFO  ExportHelperExtension.cs: 1136 - Found 22 in Assem2^ass1-1
2021-12-08 23:55:23,760 INFO  ExportHelperExtension.cs: 1145 - Found 0 features of type [RefAxis] in Assem2^ass1-1
2021-12-08 23:55:23,974 INFO  SwAddin.cs: 339 - Loading config tree
2021-12-08 23:55:23,977 INFO  ExportPropertyManagerExtension.cs: 520 - Starting new configuration
2021-12-08 23:55:23,984 INFO  SwAddin.cs: 344 - Showing property manager
2021-12-08 23:55:25,873 INFO  ExportPropertyManager.cs: 416 - Configuration canceled
2021-12-08 23:55:25,934 INFO  ExportPropertyManager.cs: 1142 - AfterClose called. This method no longer throws an Exception. It just silently does nothing. Ok, except for this logging message
2021-12-08 23:55:29,080 INFO  SwAddin.cs: 294 - Assembly export called for file ass1.SLDASM
2021-12-08 23:55:30,459 INFO  SwAddin.cs: 313 - Saving assembly
2021-12-08 23:55:30,580 INFO  SwAddin.cs: 316 - Opening property manager
2021-12-08 23:55:30,593 INFO  ExportHelperExtension.cs: 1125 - Retrieving features of type [CoordSys] from ass1.SLDASM
2021-12-08 23:55:30,594 INFO  ExportHelperExtension.cs: 1136 - Found 34 in ass1.SLDASM
2021-12-08 23:55:30,595 INFO  ExportHelperExtension.cs: 1145 - Found 0 features of type [CoordSys] in ass1.SLDASM
2021-12-08 23:55:30,599 INFO  ExportHelperExtension.cs: 1148 - Proceeding through assembly components
2021-12-08 23:55:30,600 INFO  ExportHelperExtension.cs: 1160 - 5 components to check
2021-12-08 23:55:30,601 INFO  ExportHelperExtension.cs: 1125 - Retrieving features of type [CoordSys] from Base-1
2021-12-08 23:55:30,602 INFO  ExportHelperExtension.cs: 1136 - Found 37 in Base-1
2021-12-08 23:55:30,607 INFO  ExportHelperExtension.cs: 1145 - Found 0 features of type [CoordSys] in Base-1
2021-12-08 23:55:30,609 INFO  ExportHelperExtension.cs: 1125 - Retrieving features of type [CoordSys] from Wheel-2
2021-12-08 23:55:30,653 INFO  ExportHelperExtension.cs: 1136 - Found 25 in Wheel-2
2021-12-08 23:55:30,654 INFO  ExportHelperExtension.cs: 1145 - Found 0 features of type [CoordSys] in Wheel-2
2021-12-08 23:55:30,655 INFO  ExportHelperExtension.cs: 1125 - Retrieving features of type [CoordSys] from laser-1
2021-12-08 23:55:30,656 INFO  ExportHelperExtension.cs: 1136 - Found 27 in laser-1
2021-12-08 23:55:30,656 INFO  ExportHelperExtension.cs: 1145 - Found 0 features of type [CoordSys] in laser-1
2021-12-08 23:55:30,657 INFO  ExportHelperExtension.cs: 1125 - Retrieving features of type [CoordSys] from Wheel-1
2021-12-08 23:55:30,657 INFO  ExportHelperExtension.cs: 1136 - Found 25 in Wheel-1
2021-12-08 23:55:30,658 INFO  ExportHelperExtension.cs: 1145 - Found 0 features of type [CoordSys] in Wheel-1
2021-12-08 23:55:30,658 INFO  ExportHelperExtension.cs: 1125 - Retrieving features of type [CoordSys] from Assem2^ass1-1
2021-12-08 23:55:30,659 INFO  ExportHelperExtension.cs: 1136 - Found 22 in Assem2^ass1-1
2021-12-08 23:55:30,660 INFO  ExportHelperExtension.cs: 1145 - Found 0 features of type [CoordSys] in Assem2^ass1-1
2021-12-08 23:55:30,660 INFO  ExportHelperExtension.cs: 1125 - Retrieving features of type [RefAxis] from ass1.SLDASM
2021-12-08 23:55:30,660 INFO  ExportHelperExtension.cs: 1136 - Found 34 in ass1.SLDASM
2021-12-08 23:55:30,660 INFO  ExportHelperExtension.cs: 1145 - Found 0 features of type [RefAxis] in ass1.SLDASM
2021-12-08 23:55:30,661 INFO  ExportHelperExtension.cs: 1148 - Proceeding through assembly components
2021-12-08 23:55:30,661 INFO  ExportHelperExtension.cs: 1160 - 5 components to check
2021-12-08 23:55:30,661 INFO  ExportHelperExtension.cs: 1125 - Retrieving features of type [RefAxis] from Base-1
2021-12-08 23:55:30,662 INFO  ExportHelperExtension.cs: 1136 - Found 37 in Base-1
2021-12-08 23:55:30,662 INFO  ExportHelperExtension.cs: 1145 - Found 0 features of type [RefAxis] in Base-1
2021-12-08 23:55:30,662 INFO  ExportHelperExtension.cs: 1125 - Retrieving features of type [RefAxis] from Wheel-2
2021-12-08 23:55:30,662 INFO  ExportHelperExtension.cs: 1136 - Found 25 in Wheel-2
2021-12-08 23:55:30,663 INFO  ExportHelperExtension.cs: 1145 - Found 0 features of type [RefAxis] in Wheel-2
2021-12-08 23:55:30,663 INFO  ExportHelperExtension.cs: 1125 - Retrieving features of type [RefAxis] from laser-1
2021-12-08 23:55:30,663 INFO  ExportHelperExtension.cs: 1136 - Found 27 in laser-1
2021-12-08 23:55:30,664 INFO  ExportHelperExtension.cs: 1145 - Found 0 features of type [RefAxis] in laser-1
2021-12-08 23:55:30,664 INFO  ExportHelperExtension.cs: 1125 - Retrieving features of type [RefAxis] from Wheel-1
2021-12-08 23:55:30,664 INFO  ExportHelperExtension.cs: 1136 - Found 25 in Wheel-1
2021-12-08 23:55:30,665 INFO  ExportHelperExtension.cs: 1145 - Found 0 features of type [RefAxis] in Wheel-1
2021-12-08 23:55:30,665 INFO  ExportHelperExtension.cs: 1125 - Retrieving features of type [RefAxis] from Assem2^ass1-1
2021-12-08 23:55:30,665 INFO  ExportHelperExtension.cs: 1136 - Found 22 in Assem2^ass1-1
2021-12-08 23:55:30,666 INFO  ExportHelperExtension.cs: 1145 - Found 0 features of type [RefAxis] in Assem2^ass1-1
2021-12-08 23:55:30,709 INFO  SwAddin.cs: 339 - Loading config tree
2021-12-08 23:55:30,710 INFO  ExportPropertyManagerExtension.cs: 520 - Starting new configuration
2021-12-08 23:55:30,713 INFO  SwAddin.cs: 344 - Showing property manager
2021-12-08 23:55:38,963 INFO  ExportPropertyManager.cs: 1136 - OnNumberBoxTrackingCompleted called. This method no longer throws an Exception. It just silently does nothing. Ok, except for this logging message
2021-12-08 23:55:39,341 INFO  ExportPropertyManager.cs: 1136 - OnNumberBoxTrackingCompleted called. This method no longer throws an Exception. It just silently does nothing. Ok, except for this logging message
2021-12-08 23:55:39,768 INFO  ExportPropertyManager.cs: 1136 - OnNumberBoxTrackingCompleted called. This method no longer throws an Exception. It just silently does nothing. Ok, except for this logging message
2021-12-08 23:55:56,749 INFO  ExportPropertyManager.cs: 416 - Configuration canceled
2021-12-08 23:55:56,808 INFO  ExportPropertyManager.cs: 1142 - AfterClose called. This method no longer throws an Exception. It just silently does nothing. Ok, except for this logging message
2021-12-08 23:58:40,323 INFO  SwAddin.cs: 294 - Assembly export called for file ass1.SLDASM
2021-12-08 23:58:40,324 INFO  SwAddin.cs: 299 - Save is required
2021-12-08 23:58:40,324 INFO  SwAddin.cs: 313 - Saving assembly
2021-12-08 23:58:40,560 INFO  SwAddin.cs: 316 - Opening property manager
2021-12-08 23:58:40,561 INFO  ExportHelperExtension.cs: 1125 - Retrieving features of type [CoordSys] from ass1.SLDASM
2021-12-08 23:58:40,562 INFO  ExportHelperExtension.cs: 1136 - Found 38 in ass1.SLDASM
2021-12-08 23:58:40,563 INFO  ExportHelperExtension.cs: 1145 - Found 1 features of type [CoordSys] in ass1.SLDASM
2021-12-08 23:58:40,564 INFO  ExportHelperExtension.cs: 1148 - Proceeding through assembly components
2021-12-08 23:58:40,565 INFO  ExportHelperExtension.cs: 1160 - 5 components to check
2021-12-08 23:58:40,576 INFO  ExportHelperExtension.cs: 1125 - Retrieving features of type [CoordSys] from Base-1
2021-12-08 23:58:40,577 INFO  ExportHelperExtension.cs: 1136 - Found 37 in Base-1
2021-12-08 23:58:40,578 INFO  ExportHelperExtension.cs: 1145 - Found 0 features of type [CoordSys] in Base-1
2021-12-08 23:58:40,579 INFO  ExportHelperExtension.cs: 1125 - Retrieving features of type [CoordSys] from Wheel-2
2021-12-08 23:58:40,580 INFO  ExportHelperExtension.cs: 1136 - Found 25 in Wheel-2
2021-12-08 23:58:40,581 INFO  ExportHelperExtension.cs: 1145 - Found 0 features of type [CoordSys] in Wheel-2
2021-12-08 23:58:40,581 INFO  ExportHelperExtension.cs: 1125 - Retrieving features of type [CoordSys] from laser-1
2021-12-08 23:58:40,582 INFO  ExportHelperExtension.cs: 1136 - Found 27 in laser-1
2021-12-08 23:58:40,589 INFO  ExportHelperExtension.cs: 1145 - Found 0 features of type [CoordSys] in laser-1
2021-12-08 23:58:40,592 INFO  ExportHelperExtension.cs: 1125 - Retrieving features of type [CoordSys] from Wheel-1
2021-12-08 23:58:40,593 INFO  ExportHelperExtension.cs: 1136 - Found 25 in Wheel-1
2021-12-08 23:58:40,594 INFO  ExportHelperExtension.cs: 1145 - Found 0 features of type [CoordSys] in Wheel-1
2021-12-08 23:58:40,595 INFO  ExportHelperExtension.cs: 1125 - Retrieving features of type [CoordSys] from Assem2^ass1-1
2021-12-08 23:58:40,624 INFO  ExportHelperExtension.cs: 1136 - Found 22 in Assem2^ass1-1
2021-12-08 23:58:40,625 INFO  ExportHelperExtension.cs: 1145 - Found 0 features of type [CoordSys] in Assem2^ass1-1
2021-12-08 23:58:40,626 INFO  ExportHelperExtension.cs: 1125 - Retrieving features of type [RefAxis] from ass1.SLDASM
2021-12-08 23:58:40,626 INFO  ExportHelperExtension.cs: 1136 - Found 38 in ass1.SLDASM
2021-12-08 23:58:40,627 INFO  ExportHelperExtension.cs: 1145 - Found 0 features of type [RefAxis] in ass1.SLDASM
2021-12-08 23:58:40,627 INFO  ExportHelperExtension.cs: 1148 - Proceeding through assembly components
2021-12-08 23:58:40,628 INFO  ExportHelperExtension.cs: 1160 - 5 components to check
2021-12-08 23:58:40,629 INFO  ExportHelperExtension.cs: 1125 - Retrieving features of type [RefAxis] from Base-1
2021-12-08 23:58:40,629 INFO  ExportHelperExtension.cs: 1136 - Found 37 in Base-1
2021-12-08 23:58:40,630 INFO  ExportHelperExtension.cs: 1145 - Found 0 features of type [RefAxis] in Base-1
2021-12-08 23:58:40,631 INFO  ExportHelperExtension.cs: 1125 - Retrieving features of type [RefAxis] from Wheel-2
2021-12-08 23:58:40,631 INFO  ExportHelperExtension.cs: 1136 - Found 25 in Wheel-2
2021-12-08 23:58:40,633 INFO  ExportHelperExtension.cs: 1145 - Found 0 features of type [RefAxis] in Wheel-2
2021-12-08 23:58:40,633 INFO  ExportHelperExtension.cs: 1125 - Retrieving features of type [RefAxis] from laser-1
2021-12-08 23:58:40,637 INFO  ExportHelperExtension.cs: 1136 - Found 27 in laser-1
2021-12-08 23:58:40,638 INFO  ExportHelperExtension.cs: 1145 - Found 0 features of type [RefAxis] in laser-1
2021-12-08 23:58:40,638 INFO  ExportHelperExtension.cs: 1125 - Retrieving features of type [RefAxis] from Wheel-1
2021-12-08 23:58:40,639 INFO  ExportHelperExtension.cs: 1136 - Found 25 in Wheel-1
2021-12-08 23:58:40,640 INFO  ExportHelperExtension.cs: 1145 - Found 0 features of type [RefAxis] in Wheel-1
2021-12-08 23:58:40,640 INFO  ExportHelperExtension.cs: 1125 - Retrieving features of type [RefAxis] from Assem2^ass1-1
2021-12-08 23:58:40,641 INFO  ExportHelperExtension.cs: 1136 - Found 22 in Assem2^ass1-1
2021-12-08 23:58:40,642 INFO  ExportHelperExtension.cs: 1145 - Found 0 features of type [RefAxis] in Assem2^ass1-1
2021-12-08 23:58:40,840 INFO  SwAddin.cs: 339 - Loading config tree
2021-12-08 23:58:40,841 INFO  ExportPropertyManagerExtension.cs: 520 - Starting new configuration
2021-12-08 23:58:40,844 INFO  SwAddin.cs: 344 - Showing property manager
2021-12-08 23:58:44,719 INFO  ExportPropertyManager.cs: 1136 - OnNumberBoxTrackingCompleted called. This method no longer throws an Exception. It just silently does nothing. Ok, except for this logging message
2021-12-08 23:58:46,342 INFO  ExportPropertyManager.cs: 1136 - OnNumberBoxTrackingCompleted called. This method no longer throws an Exception. It just silently does nothing. Ok, except for this logging message
2021-12-08 23:58:46,717 INFO  ExportPropertyManager.cs: 1136 - OnNumberBoxTrackingCompleted called. This method no longer throws an Exception. It just silently does nothing. Ok, except for this logging message
2021-12-08 23:58:53,122 INFO  ExportPropertyManager.cs: 1018 - OnComboboxSelectionChanged called. This method no longer throws an Exception. It just silently does nothing. Ok, except for this logging message
2021-12-08 23:58:58,973 INFO  ExportPropertyManager.cs: 416 - Configuration canceled
2021-12-08 23:58:59,030 INFO  ExportPropertyManager.cs: 1142 - AfterClose called. This method no longer throws an Exception. It just silently does nothing. Ok, except for this logging message
2021-12-08 23:59:58,974 INFO  SwAddin.cs: 294 - Assembly export called for file ass1.SLDASM
2021-12-08 23:59:58,974 INFO  SwAddin.cs: 299 - Save is required
2021-12-08 23:59:58,975 INFO  SwAddin.cs: 313 - Saving assembly
2021-12-08 23:59:59,287 INFO  SwAddin.cs: 316 - Opening property manager
2021-12-08 23:59:59,288 INFO  ExportHelperExtension.cs: 1125 - Retrieving features of type [CoordSys] from ass1.SLDASM
2021-12-08 23:59:59,289 INFO  ExportHelperExtension.cs: 1136 - Found 40 in ass1.SLDASM
2021-12-08 23:59:59,298 INFO  ExportHelperExtension.cs: 1145 - Found 1 features of type [CoordSys] in ass1.SLDASM
2021-12-08 23:59:59,298 INFO  ExportHelperExtension.cs: 1148 - Proceeding through assembly components
2021-12-08 23:59:59,303 INFO  ExportHelperExtension.cs: 1160 - 5 components to check
2021-12-08 23:59:59,303 INFO  ExportHelperExtension.cs: 1125 - Retrieving features of type [CoordSys] from Base-1
2021-12-08 23:59:59,344 INFO  ExportHelperExtension.cs: 1136 - Found 37 in Base-1
2021-12-08 23:59:59,345 INFO  ExportHelperExtension.cs: 1145 - Found 0 features of type [CoordSys] in Base-1
2021-12-08 23:59:59,346 INFO  ExportHelperExtension.cs: 1125 - Retrieving features of type [CoordSys] from Wheel-2
2021-12-08 23:59:59,346 INFO  ExportHelperExtension.cs: 1136 - Found 25 in Wheel-2
2021-12-08 23:59:59,347 INFO  ExportHelperExtension.cs: 1145 - Found 0 features of type [CoordSys] in Wheel-2
2021-12-08 23:59:59,352 INFO  ExportHelperExtension.cs: 1125 - Retrieving features of type [CoordSys] from laser-1
2021-12-08 23:59:59,352 INFO  ExportHelperExtension.cs: 1136 - Found 27 in laser-1
2021-12-08 23:59:59,353 INFO  ExportHelperExtension.cs: 1145 - Found 0 features of type [CoordSys] in laser-1
2021-12-08 23:59:59,354 INFO  ExportHelperExtension.cs: 1125 - Retrieving features of type [CoordSys] from Wheel-1
2021-12-08 23:59:59,354 INFO  ExportHelperExtension.cs: 1136 - Found 25 in Wheel-1
2021-12-08 23:59:59,355 INFO  ExportHelperExtension.cs: 1145 - Found 0 features of type [CoordSys] in Wheel-1
2021-12-08 23:59:59,356 INFO  ExportHelperExtension.cs: 1125 - Retrieving features of type [CoordSys] from Assem2^ass1-1
2021-12-08 23:59:59,357 INFO  ExportHelperExtension.cs: 1136 - Found 22 in Assem2^ass1-1
2021-12-08 23:59:59,357 INFO  ExportHelperExtension.cs: 1145 - Found 0 features of type [CoordSys] in Assem2^ass1-1
2021-12-08 23:59:59,358 INFO  ExportHelperExtension.cs: 1125 - Retrieving features of type [RefAxis] from ass1.SLDASM
2021-12-08 23:59:59,359 INFO  ExportHelperExtension.cs: 1136 - Found 40 in ass1.SLDASM
2021-12-08 23:59:59,360 INFO  ExportHelperExtension.cs: 1145 - Found 2 features of type [RefAxis] in ass1.SLDASM
2021-12-08 23:59:59,360 INFO  ExportHelperExtension.cs: 1148 - Proceeding through assembly components
2021-12-08 23:59:59,361 INFO  ExportHelperExtension.cs: 1160 - 5 components to check
2021-12-08 23:59:59,361 INFO  ExportHelperExtension.cs: 1125 - Retrieving features of type [RefAxis] from Base-1
2021-12-08 23:59:59,362 INFO  ExportHelperExtension.cs: 1136 - Found 37 in Base-1
2021-12-08 23:59:59,363 INFO  ExportHelperExtension.cs: 1145 - Found 0 features of type [RefAxis] in Base-1
2021-12-08 23:59:59,364 INFO  ExportHelperExtension.cs: 1125 - Retrieving features of type [RefAxis] from Wheel-2
2021-12-08 23:59:59,364 INFO  ExportHelperExtension.cs: 1136 - Found 25 in Wheel-2
2021-12-08 23:59:59,365 INFO  ExportHelperExtension.cs: 1145 - Found 0 features of type [RefAxis] in Wheel-2
2021-12-08 23:59:59,366 INFO  ExportHelperExtension.cs: 1125 - Retrieving features of type [RefAxis] from laser-1
2021-12-08 23:59:59,366 INFO  ExportHelperExtension.cs: 1136 - Found 27 in laser-1
2021-12-08 23:59:59,367 INFO  ExportHelperExtension.cs: 1145 - Found 0 features of type [RefAxis] in laser-1
2021-12-08 23:59:59,368 INFO  ExportHelperExtension.cs: 1125 - Retrieving features of type [RefAxis] from Wheel-1
2021-12-08 23:59:59,368 INFO  ExportHelperExtension.cs: 1136 - Found 25 in Wheel-1
2021-12-08 23:59:59,369 INFO  ExportHelperExtension.cs: 1145 - Found 0 features of type [RefAxis] in Wheel-1
2021-12-08 23:59:59,370 INFO  ExportHelperExtension.cs: 1125 - Retrieving features of type [RefAxis] from Assem2^ass1-1
2021-12-08 23:59:59,371 INFO  ExportHelperExtension.cs: 1136 - Found 22 in Assem2^ass1-1
2021-12-08 23:59:59,371 INFO  ExportHelperExtension.cs: 1145 - Found 0 features of type [RefAxis] in Assem2^ass1-1
2021-12-08 23:59:59,576 INFO  SwAddin.cs: 339 - Loading config tree
2021-12-08 23:59:59,577 INFO  ExportPropertyManagerExtension.cs: 520 - Starting new configuration
2021-12-08 23:59:59,580 INFO  SwAddin.cs: 344 - Showing property manager
2021-12-09 00:00:06,226 INFO  ExportPropertyManager.cs: 1136 - OnNumberBoxTrackingCompleted called. This method no longer throws an Exception. It just silently does nothing. Ok, except for this logging message
2021-12-09 00:00:06,616 INFO  ExportPropertyManager.cs: 1136 - OnNumberBoxTrackingCompleted called. This method no longer throws an Exception. It just silently does nothing. Ok, except for this logging message
2021-12-09 00:00:07,156 INFO  ExportPropertyManager.cs: 1136 - OnNumberBoxTrackingCompleted called. This method no longer throws an Exception. It just silently does nothing. Ok, except for this logging message
2021-12-09 00:00:07,436 INFO  ExportPropertyManager.cs: 1136 - OnNumberBoxTrackingCompleted called. This method no longer throws an Exception. It just silently does nothing. Ok, except for this logging message
2021-12-09 00:00:08,449 INFO  ExportPropertyManager.cs: 1136 - OnNumberBoxTrackingCompleted called. This method no longer throws an Exception. It just silently does nothing. Ok, except for this logging message
2021-12-09 00:00:10,983 INFO  ExportPropertyManager.cs: 1018 - OnComboboxSelectionChanged called. This method no longer throws an Exception. It just silently does nothing. Ok, except for this logging message
2021-12-09 00:01:04,093 INFO  ExportPropertyManager.cs: 1018 - OnComboboxSelectionChanged called. This method no longer throws an Exception. It just silently does nothing. Ok, except for this logging message
2021-12-09 00:01:06,326 INFO  ExportPropertyManager.cs: 1018 - OnComboboxSelectionChanged called. This method no longer throws an Exception. It just silently does nothing. Ok, except for this logging message
2021-12-09 00:01:11,076 INFO  ExportPropertyManager.cs: 1018 - OnComboboxSelectionChanged called. This method no longer throws an Exception. It just silently does nothing. Ok, except for this logging message
2021-12-09 00:01:12,298 INFO  ExportPropertyManager.cs: 1142 - AfterClose called. This method no longer throws an Exception. It just silently does nothing. Ok, except for this logging message
2021-12-09 00:01:49,902 INFO  SwAddin.cs: 294 - Assembly export called for file ass1.SLDASM
2021-12-09 00:01:51,477 INFO  SwAddin.cs: 313 - Saving assembly
2021-12-09 00:01:51,645 INFO  SwAddin.cs: 316 - Opening property manager
2021-12-09 00:01:51,677 INFO  ExportHelperExtension.cs: 1125 - Retrieving features of type [CoordSys] from ass1.SLDASM
2021-12-09 00:01:51,679 INFO  ExportHelperExtension.cs: 1136 - Found 40 in ass1.SLDASM
2021-12-09 00:01:51,686 INFO  ExportHelperExtension.cs: 1145 - Found 1 features of type [CoordSys] in ass1.SLDASM
2021-12-09 00:01:51,688 INFO  ExportHelperExtension.cs: 1148 - Proceeding through assembly components
2021-12-09 00:01:51,689 INFO  ExportHelperExtension.cs: 1160 - 5 components to check
2021-12-09 00:01:51,690 INFO  ExportHelperExtension.cs: 1125 - Retrieving features of type [CoordSys] from Base-1
2021-12-09 00:01:51,692 INFO  ExportHelperExtension.cs: 1136 - Found 37 in Base-1
2021-12-09 00:01:51,693 INFO  ExportHelperExtension.cs: 1145 - Found 0 features of type [CoordSys] in Base-1
2021-12-09 00:01:51,694 INFO  ExportHelperExtension.cs: 1125 - Retrieving features of type [CoordSys] from Wheel-2
2021-12-09 00:01:51,695 INFO  ExportHelperExtension.cs: 1136 - Found 25 in Wheel-2
2021-12-09 00:01:51,696 INFO  ExportHelperExtension.cs: 1145 - Found 0 features of type [CoordSys] in Wheel-2
2021-12-09 00:01:51,700 INFO  ExportHelperExtension.cs: 1125 - Retrieving features of type [CoordSys] from laser-1
2021-12-09 00:01:51,701 INFO  ExportHelperExtension.cs: 1136 - Found 27 in laser-1
2021-12-09 00:01:51,702 INFO  ExportHelperExtension.cs: 1145 - Found 0 features of type [CoordSys] in laser-1
2021-12-09 00:01:51,703 INFO  ExportHelperExtension.cs: 1125 - Retrieving features of type [CoordSys] from Wheel-1
2021-12-09 00:01:51,704 INFO  ExportHelperExtension.cs: 1136 - Found 25 in Wheel-1
2021-12-09 00:01:51,705 INFO  ExportHelperExtension.cs: 1145 - Found 0 features of type [CoordSys] in Wheel-1
2021-12-09 00:01:51,706 INFO  ExportHelperExtension.cs: 1125 - Retrieving features of type [CoordSys] from Assem2^ass1-1
2021-12-09 00:01:51,707 INFO  ExportHelperExtension.cs: 1136 - Found 22 in Assem2^ass1-1
2021-12-09 00:01:51,708 INFO  ExportHelperExtension.cs: 1145 - Found 0 features of type [CoordSys] in Assem2^ass1-1
2021-12-09 00:01:51,709 INFO  ExportHelperExtension.cs: 1125 - Retrieving features of type [RefAxis] from ass1.SLDASM
2021-12-09 00:01:51,710 INFO  ExportHelperExtension.cs: 1136 - Found 40 in ass1.SLDASM
2021-12-09 00:01:51,711 INFO  ExportHelperExtension.cs: 1145 - Found 2 features of type [RefAxis] in ass1.SLDASM
2021-12-09 00:01:51,712 INFO  ExportHelperExtension.cs: 1148 - Proceeding through assembly components
2021-12-09 00:01:51,713 INFO  ExportHelperExtension.cs: 1160 - 5 components to check
2021-12-09 00:01:51,714 INFO  ExportHelperExtension.cs: 1125 - Retrieving features of type [RefAxis] from Base-1
2021-12-09 00:01:51,715 INFO  ExportHelperExtension.cs: 1136 - Found 37 in Base-1
2021-12-09 00:01:51,716 INFO  ExportHelperExtension.cs: 1145 - Found 0 features of type [RefAxis] in Base-1
2021-12-09 00:01:51,717 INFO  ExportHelperExtension.cs: 1125 - Retrieving features of type [RefAxis] from Wheel-2
2021-12-09 00:01:51,718 INFO  ExportHelperExtension.cs: 1136 - Found 25 in Wheel-2
2021-12-09 00:01:51,719 INFO  ExportHelperExtension.cs: 1145 - Found 0 features of type [RefAxis] in Wheel-2
2021-12-09 00:01:51,720 INFO  ExportHelperExtension.cs: 1125 - Retrieving features of type [RefAxis] from laser-1
2021-12-09 00:01:51,721 INFO  ExportHelperExtension.cs: 1136 - Found 27 in laser-1
2021-12-09 00:01:51,722 INFO  ExportHelperExtension.cs: 1145 - Found 0 features of type [RefAxis] in laser-1
2021-12-09 00:01:51,722 INFO  ExportHelperExtension.cs: 1125 - Retrieving features of type [RefAxis] from Wheel-1
2021-12-09 00:01:51,723 INFO  ExportHelperExtension.cs: 1136 - Found 25 in Wheel-1
2021-12-09 00:01:51,725 INFO  ExportHelperExtension.cs: 1145 - Found 0 features of type [RefAxis] in Wheel-1
2021-12-09 00:01:51,727 INFO  ExportHelperExtension.cs: 1125 - Retrieving features of type [RefAxis] from Assem2^ass1-1
2021-12-09 00:01:51,727 INFO  ExportHelperExtension.cs: 1136 - Found 22 in Assem2^ass1-1
2021-12-09 00:01:51,728 INFO  ExportHelperExtension.cs: 1145 - Found 0 features of type [RefAxis] in Assem2^ass1-1
2021-12-09 00:01:51,816 INFO  SwAddin.cs: 339 - Loading config tree
2021-12-09 00:01:51,817 INFO  ExportPropertyManagerExtension.cs: 520 - Starting new configuration
2021-12-09 00:01:51,903 INFO  SwAddin.cs: 344 - Showing property manager
2021-12-09 00:01:56,290 INFO  ExportPropertyManager.cs: 1018 - OnComboboxSelectionChanged called. This method no longer throws an Exception. It just silently does nothing. Ok, except for this logging message
2021-12-09 00:02:00,429 INFO  ExportPropertyManager.cs: 1136 - OnNumberBoxTrackingCompleted called. This method no longer throws an Exception. It just silently does nothing. Ok, except for this logging message
2021-12-09 00:02:00,604 INFO  ExportPropertyManager.cs: 1136 - OnNumberBoxTrackingCompleted called. This method no longer throws an Exception. It just silently does nothing. Ok, except for this logging message
2021-12-09 00:02:01,071 INFO  ExportPropertyManager.cs: 1136 - OnNumberBoxTrackingCompleted called. This method no longer throws an Exception. It just silently does nothing. Ok, except for this logging message
2021-12-09 00:03:08,812 INFO  ExportPropertyManager.cs: 1018 - OnComboboxSelectionChanged called. This method no longer throws an Exception. It just silently does nothing. Ok, except for this logging message
2021-12-09 00:03:10,682 INFO  ExportPropertyManager.cs: 1018 - OnComboboxSelectionChanged called. This method no longer throws an Exception. It just silently does nothing. Ok, except for this logging message
2021-12-09 00:03:14,635 INFO  ExportPropertyManager.cs: 1018 - OnComboboxSelectionChanged called. This method no longer throws an Exception. It just silently does nothing. Ok, except for this logging message
2021-12-09 00:03:58,674 INFO  ExportPropertyManager.cs: 1018 - OnComboboxSelectionChanged called. This method no longer throws an Exception. It just silently does nothing. Ok, except for this logging message
2021-12-09 00:04:00,194 INFO  ExportPropertyManager.cs: 1018 - OnComboboxSelectionChanged called. This method no longer throws an Exception. It just silently does nothing. Ok, except for this logging message
2021-12-09 00:04:02,949 INFO  ExportPropertyManager.cs: 1018 - OnComboboxSelectionChanged called. This method no longer throws an Exception. It just silently does nothing. Ok, except for this logging message
2021-12-09 00:04:35,639 INFO  ExportPropertyManager.cs: 1018 - OnComboboxSelectionChanged called. This method no longer throws an Exception. It just silently does nothing. Ok, except for this logging message
2021-12-09 00:04:38,052 INFO  ExportPropertyManager.cs: 1018 - OnComboboxSelectionChanged called. This method no longer throws an Exception. It just silently does nothing. Ok, except for this logging message
2021-12-09 00:04:39,672 INFO  ExportPropertyManager.cs: 1018 - OnComboboxSelectionChanged called. This method no longer throws an Exception. It just silently does nothing. Ok, except for this logging message
2021-12-09 00:04:59,977 INFO  ExportPropertyManager.cs: 1018 - OnComboboxSelectionChanged called. This method no longer throws an Exception. It just silently does nothing. Ok, except for this logging message
2021-12-09 00:05:01,967 INFO  ExportPropertyManager.cs: 1018 - OnComboboxSelectionChanged called. This method no longer throws an Exception. It just silently does nothing. Ok, except for this logging message
2021-12-09 00:05:06,546 INFO  ExportPropertyManager.cs: 1036 - OnListboxSelectionChanged called. This method no longer throws an Exception. It just silently does nothing. Ok, except for this logging message
2021-12-09 00:05:06,978 INFO  ExportPropertyManager.cs: 1036 - OnListboxSelectionChanged called. This method no longer throws an Exception. It just silently does nothing. Ok, except for this logging message
2021-12-09 00:05:18,639 INFO  ExportPropertyManager.cs: 422 - Configuration saved
2021-12-09 00:05:18,963 INFO  ExportHelperExtension.cs: 347 - Creating joint Wheel_left_Link
2021-12-09 00:05:19,260 WARN  ExportHelperExtension.cs: 351 - Creating joint from parent base_link to child Wheel_left_Link failed
2021-12-09 00:05:19,264 INFO  ExportHelperExtension.cs: 347 - Creating joint Wheel_Right_Link
2021-12-09 00:05:19,294 WARN  ExportHelperExtension.cs: 351 - Creating joint from parent base_link to child Wheel_Right_Link failed
2021-12-09 00:05:19,301 INFO  ExportHelperExtension.cs: 347 - Creating joint Raser_Link
2021-12-09 00:05:19,307 INFO  ExportHelperExtension.cs: 1397 - Fixing components for base_link
2021-12-09 00:05:19,308 INFO  ExportHelperExtension.cs: 1402 - Fixing 25
2021-12-09 00:05:19,309 INFO  ExportHelperExtension.cs: 1409 - Component 25 is already fixed
2021-12-09 00:05:19,549 INFO  ExportHelperExtension.cs: 832 - R1: 0, 0
2021-12-09 00:05:19,550 INFO  ExportHelperExtension.cs: 841 - R2: 0, 0
2021-12-09 00:05:19,551 INFO  ExportHelperExtension.cs: 849 - L1: 0
2021-12-09 00:05:19,551 INFO  ExportHelperExtension.cs: 857 - L2: 0
2021-12-09 00:05:19,555 WARN  ExportHelperExtension.cs: 351 - Creating joint from parent base_link to child Raser_Link failed
2021-12-09 00:05:19,738 INFO  ExportHelperExtension.cs: 1125 - Retrieving features of type [CoordSys] from ass1.SLDASM
2021-12-09 00:05:19,747 INFO  ExportHelperExtension.cs: 1136 - Found 41 in ass1.SLDASM
2021-12-09 00:05:19,748 INFO  ExportHelperExtension.cs: 1145 - Found 1 features of type [CoordSys] in ass1.SLDASM
2021-12-09 00:05:19,748 INFO  ExportHelperExtension.cs: 1148 - Proceeding through assembly components
2021-12-09 00:05:19,749 INFO  ExportHelperExtension.cs: 1160 - 5 components to check
2021-12-09 00:05:19,749 INFO  ExportHelperExtension.cs: 1125 - Retrieving features of type [CoordSys] from Base-1
2021-12-09 00:05:19,750 INFO  ExportHelperExtension.cs: 1136 - Found 37 in Base-1
2021-12-09 00:05:19,750 INFO  ExportHelperExtension.cs: 1145 - Found 0 features of type [CoordSys] in Base-1
2021-12-09 00:05:19,751 INFO  ExportHelperExtension.cs: 1125 - Retrieving features of type [CoordSys] from Wheel-2
2021-12-09 00:05:19,751 INFO  ExportHelperExtension.cs: 1136 - Found 25 in Wheel-2
2021-12-09 00:05:19,752 INFO  ExportHelperExtension.cs: 1145 - Found 0 features of type [CoordSys] in Wheel-2
2021-12-09 00:05:19,752 INFO  ExportHelperExtension.cs: 1125 - Retrieving features of type [CoordSys] from laser-1
2021-12-09 00:05:19,753 INFO  ExportHelperExtension.cs: 1136 - Found 27 in laser-1
2021-12-09 00:05:19,753 INFO  ExportHelperExtension.cs: 1145 - Found 0 features of type [CoordSys] in laser-1
2021-12-09 00:05:19,753 INFO  ExportHelperExtension.cs: 1125 - Retrieving features of type [CoordSys] from Wheel-1
2021-12-09 00:05:19,754 INFO  ExportHelperExtension.cs: 1136 - Found 25 in Wheel-1
2021-12-09 00:05:19,754 INFO  ExportHelperExtension.cs: 1145 - Found 0 features of type [CoordSys] in Wheel-1
2021-12-09 00:05:19,755 INFO  ExportHelperExtension.cs: 1125 - Retrieving features of type [CoordSys] from Assem2^ass1-1
2021-12-09 00:05:19,755 INFO  ExportHelperExtension.cs: 1136 - Found 22 in Assem2^ass1-1
2021-12-09 00:05:19,756 INFO  ExportHelperExtension.cs: 1145 - Found 0 features of type [CoordSys] in Assem2^ass1-1
2021-12-09 00:05:19,756 INFO  ExportHelperExtension.cs: 1125 - Retrieving features of type [RefAxis] from ass1.SLDASM
2021-12-09 00:05:19,757 INFO  ExportHelperExtension.cs: 1136 - Found 41 in ass1.SLDASM
2021-12-09 00:05:19,757 INFO  ExportHelperExtension.cs: 1145 - Found 2 features of type [RefAxis] in ass1.SLDASM
2021-12-09 00:05:19,758 INFO  ExportHelperExtension.cs: 1148 - Proceeding through assembly components
2021-12-09 00:05:19,758 INFO  ExportHelperExtension.cs: 1160 - 5 components to check
2021-12-09 00:05:19,759 INFO  ExportHelperExtension.cs: 1125 - Retrieving features of type [RefAxis] from Base-1
2021-12-09 00:05:19,759 INFO  ExportHelperExtension.cs: 1136 - Found 37 in Base-1
2021-12-09 00:05:19,760 INFO  ExportHelperExtension.cs: 1145 - Found 0 features of type [RefAxis] in Base-1
2021-12-09 00:05:19,760 INFO  ExportHelperExtension.cs: 1125 - Retrieving features of type [RefAxis] from Wheel-2
2021-12-09 00:05:19,760 INFO  ExportHelperExtension.cs: 1136 - Found 25 in Wheel-2
2021-12-09 00:05:19,766 INFO  ExportHelperExtension.cs: 1145 - Found 0 features of type [RefAxis] in Wheel-2
2021-12-09 00:05:19,766 INFO  ExportHelperExtension.cs: 1125 - Retrieving features of type [RefAxis] from laser-1
2021-12-09 00:05:19,803 INFO  ExportHelperExtension.cs: 1136 - Found 27 in laser-1
2021-12-09 00:05:19,804 INFO  ExportHelperExtension.cs: 1145 - Found 0 features of type [RefAxis] in laser-1
2021-12-09 00:05:19,804 INFO  ExportHelperExtension.cs: 1125 - Retrieving features of type [RefAxis] from Wheel-1
2021-12-09 00:05:19,805 INFO  ExportHelperExtension.cs: 1136 - Found 25 in Wheel-1
2021-12-09 00:05:19,805 INFO  ExportHelperExtension.cs: 1145 - Found 0 features of type [RefAxis] in Wheel-1
2021-12-09 00:05:19,806 INFO  ExportHelperExtension.cs: 1125 - Retrieving features of type [RefAxis] from Assem2^ass1-1
2021-12-09 00:05:19,806 INFO  ExportHelperExtension.cs: 1136 - Found 22 in Assem2^ass1-1
2021-12-09 00:05:19,807 INFO  ExportHelperExtension.cs: 1145 - Found 0 features of type [RefAxis] in Assem2^ass1-1
2021-12-09 00:05:19,923 INFO  ExportPropertyManager.cs: 1142 - AfterClose called. This method no longer throws an Exception. It just silently does nothing. Ok, except for this logging message
2021-12-09 00:06:15,788 INFO  AssemblyExportForm.cs: 253 - Completing URDF export
2021-12-09 00:06:15,798 INFO  ConfigurationSerialization.cs: 276 - URDF Configuration found
<Link z:Id="i1" xmlns="http://schemas.datacontract.org/2004/07/SW2URDF" xmlns:i="http://www.w3.org/2001/XMLSchema-instance" xmlns:z="http://schemas.microsoft.com/2003/10/Serialization/"><Attributes><Attribute z:Id="i2"><AttributeType>name</AttributeType><IsRequired>true</IsRequired><Value i:type="a:string" xmlns:a="http://www.w3.org/2001/XMLSchema">base_link</Value></Attribute></Attributes><ChildElements><URDFElement z:Id="i3" i:type="Inertial"><Attributes/><ChildElements><URDFElement z:Id="i4" i:type="Origin"><Attributes><Attribute z:Id="i5"><AttributeType>xyz</AttributeType><IsRequired>true</IsRequired><Value i:type="a:ArrayOfdouble" xmlns:a="http://schemas.microsoft.com/2003/10/Serialization/Arrays"><a:double>0</a:double><a:double>0</a:double><a:double>0</a:double></Value></Attribute><Attribute z:Id="i6"><AttributeType>rpy</AttributeType><IsRequired>true</IsRequired><Value i:type="a:ArrayOfdouble" xmlns:a="http://schemas.microsoft.com/2003/10/Serialization/Arrays"><a:double>0</a:double><a:double>0</a:double><a:double>0</a:double></Value></Attribute></Attributes><ChildElements/><ElementName>origin</ElementName><required>false</required><RPYAttribute z:Ref="i6"/><XYZAttribute z:Ref="i5"/><isCustomized>false</isCustomized></URDFElement><URDFElement z:Id="i7" i:type="Mass"><Attributes><Attribute z:Id="i8"><AttributeType>value</AttributeType><IsRequired>true</IsRequired><Value i:type="a:double" xmlns:a="http://www.w3.org/2001/XMLSchema">0</Value></Attribute></Attributes><ChildElements/><ElementName>mass</ElementName><required>false</required><ValueAttribute z:Ref="i8"/></URDFElement><URDFElement z:Id="i9" i:type="Inertia"><Attributes><Attribute z:Id="i10"><AttributeType>ixx</AttributeType><IsRequired>true</IsRequired><Value i:type="a:double" xmlns:a="http://www.w3.org/2001/XMLSchema">0</Value></Attribute><Attribute z:Id="i11"><AttributeType>ixy</AttributeType><IsRequired>true</IsRequired><Value i:type="a:double" xmlns:a="http://www.w3.org/2001/XMLSchema">0</Value></Attribute><Attribute z:Id="i12"><AttributeType>ixz</AttributeType><IsRequired>true</IsRequired><Value i:type="a:double" xmlns:a="http://www.w3.org/2001/XMLSchema">0</Value></Attribute><Attribute z:Id="i13"><AttributeType>iyy</AttributeType><IsRequired>true</IsRequired><Value i:type="a:double" xmlns:a="http://www.w3.org/2001/XMLSchema">0</Value></Attribute><Attribute z:Id="i14"><AttributeType>iyz</AttributeType><IsRequired>true</IsRequired><Value i:type="a:double" xmlns:a="http://www.w3.org/2001/XMLSchema">0</Value></Attribute><Attribute z:Id="i15"><AttributeType>izz</AttributeType><IsRequired>true</IsRequired><Value i:type="a:double" xmlns:a="http://www.w3.org/2001/XMLSchema">0</Value></Attribute></Attributes><ChildElements/><ElementName>inertia</ElementName><required>false</required><IxxAttribute z:Ref="i10"/><IxyAttribute z:Ref="i11"/><IxzAttribute z:Ref="i12"/><IyyAttribute z:Ref="i13"/><IyzAttribute z:Ref="i14"/><IzzAttribute z:Ref="i15"/></URDFElement></ChildElements><ElementName>inertial</ElementName><required>false</required><Inertia z:Ref="i9"/><Mass z:Ref="i7"/><Origin z:Ref="i4"/></URDFElement><URDFElement z:Id="i16" i:type="Visual"><Attributes/><ChildElements><URDFElement z:Id="i17" i:type="Origin"><Attributes><Attribute z:Id="i18"><AttributeType>xyz</AttributeType><IsRequired>true</IsRequired><Value i:type="a:ArrayOfdouble" xmlns:a="http://schemas.microsoft.com/2003/10/Serialization/Arrays"><a:double>0</a:double><a:double>0</a:double><a:double>0</a:double></Value></Attribute><Attribute z:Id="i19"><AttributeType>rpy</AttributeType><IsRequired>true</IsRequired><Value i:type="a:ArrayOfdouble" xmlns:a="http://schemas.microsoft.com/2003/10/Serialization/Arrays"><a:double>0</a:double><a:double>0</a:double><a:double>0</a:double></Value></Attribute></Attributes><ChildElements/><ElementName>origin</ElementName><required>false</required><RPYAttribute z:Ref="i19"/><XYZAttribute z:Ref="i18"/><isCustomized>false</isCustomized></URDFElement><URDFElement z:Id="i20" i:type="Geometry"><Attributes/><ChildElements><URDFElement z:Id="i21" i:type="Mesh"><Attributes><Attribute z:Id="i22"><AttributeType>filename</AttributeType><IsRequired>true</IsRequired><Value i:nil="true"/></Attribute></Attributes><ChildElements/><ElementName>mesh</ElementName><required>false</required><FilenameAttribute z:Ref="i22"/></URDFElement></ChildElements><ElementName>geometry</ElementName><required>true</required><Mesh z:Ref="i21"/></URDFElement><URDFElement z:Id="i23" i:type="Material"><Attributes><Attribute z:Id="i24"><AttributeType>name</AttributeType><IsRequired>true</IsRequired><Value i:type="a:string" xmlns:a="http://www.w3.org/2001/XMLSchema"/></Attribute></Attributes><ChildElements><URDFElement z:Id="i25" i:type="Color"><Attributes><Attribute z:Id="i26"><AttributeType>rgba</AttributeType><IsRequired>true</IsRequired><Value i:type="a:ArrayOfdouble" xmlns:a="http://schemas.microsoft.com/2003/10/Serialization/Arrays"><a:double>1</a:double><a:double>1</a:double><a:double>1</a:double><a:double>1</a:double></Value></Attribute></Attributes><ChildElements/><ElementName>color</ElementName><required>false</required><RGBAAttribute z:Ref="i26"/></URDFElement><URDFElement z:Id="i27" i:type="Texture"><Attributes><Attribute z:Id="i28"><AttributeType>filename</AttributeType><IsRequired>true</IsRequired><Value i:nil="true"/></Attribute></Attributes><ChildElements/><ElementName>texture</ElementName><required>false</required><FilenameAttribute z:Ref="i28"/><wFilename/></URDFElement></ChildElements><ElementName>material</ElementName><required>false</required><Color z:Ref="i25"/><NameAttribute z:Ref="i24"/><Texture z:Ref="i27"/></URDFElement></ChildElements><ElementName>visual</ElementName><required>false</required><Geometry z:Ref="i20"/><Material z:Ref="i23"/><Origin z:Ref="i17"/></URDFElement><URDFElement z:Id="i29" i:type="Collision"><Attributes/><ChildElements><URDFElement z:Id="i30" i:type="Origin"><Attributes><Attribute z:Id="i31"><AttributeType>xyz</AttributeType><IsRequired>true</IsRequired><Value i:type="a:ArrayOfdouble" xmlns:a="http://schemas.microsoft.com/2003/10/Serialization/Arrays"><a:double>0</a:double><a:double>0</a:double><a:double>0</a:double></Value></Attribute><Attribute z:Id="i32"><AttributeType>rpy</AttributeType><IsRequired>true</IsRequired><Value i:type="a:ArrayOfdouble" xmlns:a="http://schemas.microsoft.com/2003/10/Serialization/Arrays"><a:double>0</a:double><a:double>0</a:double><a:double>0</a:double></Value></Attribute></Attributes><ChildElements/><ElementName>origin</ElementName><required>false</required><RPYAttribute z:Ref="i32"/><XYZAttribute z:Ref="i31"/><isCustomized>false</isCustomized></URDFElement><URDFElement z:Id="i33" i:type="Geometry"><Attributes/><ChildElements><URDFElement z:Id="i34" i:type="Mesh"><Attributes><Attribute z:Id="i35"><AttributeType>filename</AttributeType><IsRequired>true</IsRequired><Value i:nil="true"/></Attribute></Attributes><ChildElements/><ElementName>mesh</ElementName><required>false</required><FilenameAttribute z:Ref="i35"/></URDFElement></ChildElements><ElementName>geometry</ElementName><required>true</required><Mesh z:Ref="i34"/></URDFElement></ChildElements><ElementName>collision</ElementName><required>false</required><Geometry z:Ref="i33"/><Origin z:Ref="i30"/></URDFElement><URDFElement z:Id="i36" i:type="Joint"><Attributes><Attribute z:Id="i37"><AttributeType>name</AttributeType><IsRequired>true</IsRequired><Value i:type="a:string" xmlns:a="http://www.w3.org/2001/XMLSchema"/></Attribute><Attribute z:Id="i38"><AttributeType>type</AttributeType><IsRequired>true</IsRequired><Value i:type="a:string" xmlns:a="http://www.w3.org/2001/XMLSchema"/></Attribute></Attributes><ChildElements><URDFElement z:Id="i39" i:type="Origin"><Attributes><Attribute z:Id="i40"><AttributeType>xyz</AttributeType><IsRequired>true</IsRequired><Value i:type="a:ArrayOfdouble" xmlns:a="http://schemas.microsoft.com/2003/10/Serialization/Arrays"><a:double>0</a:double><a:double>0</a:double><a:double>0</a:double></Value></Attribute><Attribute z:Id="i41"><AttributeType>rpy</AttributeType><IsRequired>true</IsRequired><Value i:type="a:ArrayOfdouble" xmlns:a="http://schemas.microsoft.com/2003/10/Serialization/Arrays"><a:double>0</a:double><a:double>0</a:double><a:double>0</a:double></Value></Attribute></Attributes><ChildElements/><ElementName>origin</ElementName><required>false</required><RPYAttribute z:Ref="i41"/><XYZAttribute z:Ref="i40"/><isCustomized>false</isCustomized></URDFElement><URDFElement z:Id="i42" i:type="ParentLink"><Attributes><Attribute z:Id="i43"><AttributeType>link</AttributeType><IsRequired>true</IsRequired><Value i:type="a:string" xmlns:a="http://www.w3.org/2001/XMLSchema"/></Attribute></Attributes><ChildElements/><ElementName>parent</ElementName><required>true</required><NameAttribute z:Ref="i43"/></URDFElement><URDFElement z:Id="i44" i:type="ChildLink"><Attributes><Attribute z:Id="i45"><AttributeType>link</AttributeType><IsRequired>true</IsRequired><Value i:type="a:string" xmlns:a="http://www.w3.org/2001/XMLSchema"/></Attribute></Attributes><ChildElements/><ElementName>child</ElementName><required>true</required><NameAttribute z:Ref="i45"/></URDFElement><URDFElement z:Id="i46" i:type="Axis"><Attributes><Attribute z:Id="i47"><AttributeType>xyz</AttributeType><IsRequired>true</IsRequired><Value i:type="a:ArrayOfdouble" xmlns:a="http://schemas.microsoft.com/2003/10/Serialization/Arrays"><a:double>0</a:double><a:double>0</a:double><a:double>0</a:double></Value></Attribute></Attributes><ChildElements/><ElementName>axis</ElementName><required>false</required><XYZAttribute z:Ref="i47"/></URDFElement><URDFElement z:Id="i48" i:type="Limit"><Attributes><Attribute z:Id="i49"><AttributeType>lower</AttributeType><IsRequired>false</IsRequired><Value i:nil="true"/></Attribute><Attribute z:Id="i50"><AttributeType>upper</AttributeType><IsRequired>false</IsRequired><Value i:nil="true"/></Attribute><Attribute z:Id="i51"><AttributeType>effort</AttributeType><IsRequired>true</IsRequired><Value i:nil="true"/></Attribute><Attribute z:Id="i52"><AttributeType>velocity</AttributeType><IsRequired>true</IsRequired><Value i:nil="true"/></Attribute></Attributes><ChildElements/><ElementName>limit</ElementName><required>false</required><EffortAttribute z:Ref="i51"/><LowerAttribute z:Ref="i49"/><UpperAttribute z:Ref="i50"/><VelocityAttribute z:Ref="i52"/></URDFElement><URDFElement z:Id="i53" i:type="Calibration"><Attributes><Attribute z:Id="i54"><AttributeType>rising</AttributeType><IsRequired>false</IsRequired><Value i:nil="true"/></Attribute><Attribute z:Id="i55"><AttributeType>falling</AttributeType><IsRequired>false</IsRequired><Value i:nil="true"/></Attribute></Attributes><ChildElements/><ElementName>calibration</ElementName><required>false</required><FallingAttribute z:Ref="i55"/><RisingAttribute z:Ref="i54"/></URDFElement><URDFElement z:Id="i56" i:type="Dynamics"><Attributes><Attribute z:Id="i57"><AttributeType>damping</AttributeType><IsRequired>false</IsRequired><Value i:nil="true"/></Attribute><Attribute z:Id="i58"><AttributeType>friction</AttributeType><IsRequired>false</IsRequired><Value i:nil="true"/></Attribute></Attributes><ChildElements/><ElementName>dynamics</ElementName><required>false</required><DampingAttribute z:Ref="i57"/><FrictionAttribute z:Ref="i58"/></URDFElement><URDFElement z:Id="i59" i:type="SafetyController"><Attributes><Attribute z:Id="i60"><AttributeType>soft_upper_limit</AttributeType><IsRequired>false</IsRequired><Value i:nil="true"/></Attribute><Attribute z:Id="i61"><AttributeType>soft_lower_limit</AttributeType><IsRequired>false</IsRequired><Value i:nil="true"/></Attribute><Attribute z:Id="i62"><AttributeType>k_position</AttributeType><IsRequired>false</IsRequired><Value i:nil="true"/></Attribute><Attribute z:Id="i63"><AttributeType>k_velocity</AttributeType><IsRequired>true</IsRequired><Value i:nil="true"/></Attribute></Attributes><ChildElements/><ElementName>safety_controller</ElementName><required>false</required><KPositionAttribute z:Ref="i62"/><KVelocityAttribute z:Ref="i63"/><SoftLowerAttribute z:Ref="i61"/><SoftUpperAttribute z:Ref="i60"/></URDFElement><URDFElement z:Id="i64" i:type="Mimic"><Attributes><Attribute z:Id="i65"><AttributeType>joint</AttributeType><IsRequired>true</IsRequired><Value i:nil="true"/></Attribute><Attribute z:Id="i66"><AttributeType>multiplier</AttributeType><IsRequired>false</IsRequired><Value i:nil="true"/></Attribute><Attribute z:Id="i67"><AttributeType>offset</AttributeType><IsRequired>false</IsRequired><Value i:nil="true"/></Attribute></Attributes><ChildElements/><ElementName>mimic</ElementName><required>false</required><JointNameAttribute z:Ref="i65"/><MultiplierAttribute z:Ref="i66"/><OffsetAttribute z:Ref="i67"/></URDFElement></ChildElements><ElementName>joint</ElementName><required>false</required><Axis z:Ref="i46"/><AxisName/><Calibration z:Ref="i53"/><Child z:Ref="i44"/><CoordinateSystemName>Coordinate System1</CoordinateSystemName><Dynamics z:Ref="i56"/><Limit z:Ref="i48"/><Mimic z:Ref="i64"/><NameAttribute z:Ref="i37"/><Origin z:Ref="i39"/><Parent z:Ref="i42"/><Safety z:Ref="i59"/><TypeAttribute z:Ref="i38"/></URDFElement></ChildElements><ElementName>link</ElementName><required>true</required><Children><Link z:Id="i68"><Attributes><Attribute z:Id="i69"><AttributeType>name</AttributeType><IsRequired>true</IsRequired><Value i:type="a:string" xmlns:a="http://www.w3.org/2001/XMLSchema">Wheel_left_Link</Value></Attribute></Attributes><ChildElements><URDFElement z:Id="i70" i:type="Inertial"><Attributes/><ChildElements><URDFElement z:Id="i71" i:type="Origin"><Attributes><Attribute z:Id="i72"><AttributeType>xyz</AttributeType><IsRequired>true</IsRequired><Value i:type="a:ArrayOfdouble" xmlns:a="http://schemas.microsoft.com/2003/10/Serialization/Arrays"><a:double>0</a:double><a:double>0</a:double><a:double>0</a:double></Value></Attribute><Attribute z:Id="i73"><AttributeType>rpy</AttributeType><IsRequired>true</IsRequired><Value i:type="a:ArrayOfdouble" xmlns:a="http://schemas.microsoft.com/2003/10/Serialization/Arrays"><a:double>0</a:double><a:double>0</a:double><a:double>0</a:double></Value></Attribute></Attributes><ChildElements/><ElementName>origin</ElementName><required>false</required><RPYAttribute z:Ref="i73"/><XYZAttribute z:Ref="i72"/><isCustomized>false</isCustomized></URDFElement><URDFElement z:Id="i74" i:type="Mass"><Attributes><Attribute z:Id="i75"><AttributeType>value</AttributeType><IsRequired>true</IsRequired><Value i:type="a:double" xmlns:a="http://www.w3.org/2001/XMLSchema">0</Value></Attribute></Attributes><ChildElements/><ElementName>mass</ElementName><required>false</required><ValueAttribute z:Ref="i75"/></URDFElement><URDFElement z:Id="i76" i:type="Inertia"><Attributes><Attribute z:Id="i77"><AttributeType>ixx</AttributeType><IsRequired>true</IsRequired><Value i:type="a:double" xmlns:a="http://www.w3.org/2001/XMLSchema">0</Value></Attribute><Attribute z:Id="i78"><AttributeType>ixy</AttributeType><IsRequired>true</IsRequired><Value i:type="a:double" xmlns:a="http://www.w3.org/2001/XMLSchema">0</Value></Attribute><Attribute z:Id="i79"><AttributeType>ixz</AttributeType><IsRequired>true</IsRequired><Value i:type="a:double" xmlns:a="http://www.w3.org/2001/XMLSchema">0</Value></Attribute><Attribute z:Id="i80"><AttributeType>iyy</AttributeType><IsRequired>true</IsRequired><Value i:type="a:double" xmlns:a="http://www.w3.org/2001/XMLSchema">0</Value></Attribute><Attribute z:Id="i81"><AttributeType>iyz</AttributeType><IsRequired>true</IsRequired><Value i:type="a:double" xmlns:a="http://www.w3.org/2001/XMLSchema">0</Value></Attribute><Attribute z:Id="i82"><AttributeType>izz</AttributeType><IsRequired>true</IsRequired><Value i:type="a:double" xmlns:a="http://www.w3.org/2001/XMLSchema">0</Value></Attribute></Attributes><ChildElements/><ElementName>inertia</ElementName><required>false</required><IxxAttribute z:Ref="i77"/><IxyAttribute z:Ref="i78"/><IxzAttribute z:Ref="i79"/><IyyAttribute z:Ref="i80"/><IyzAttribute z:Ref="i81"/><IzzAttribute z:Ref="i82"/></URDFElement></ChildElements><ElementName>inertial</ElementName><required>false</required><Inertia z:Ref="i76"/><Mass z:Ref="i74"/><Origin z:Ref="i71"/></URDFElement><URDFElement z:Id="i83" i:type="Visual"><Attributes/><ChildElements><URDFElement z:Id="i84" i:type="Origin"><Attributes><Attribute z:Id="i85"><AttributeType>xyz</AttributeType><IsRequired>true</IsRequired><Value i:type="a:ArrayOfdouble" xmlns:a="http://schemas.microsoft.com/2003/10/Serialization/Arrays"><a:double>0</a:double><a:double>0</a:double><a:double>0</a:double></Value></Attribute><Attribute z:Id="i86"><AttributeType>rpy</AttributeType><IsRequired>true</IsRequired><Value i:type="a:ArrayOfdouble" xmlns:a="http://schemas.microsoft.com/2003/10/Serialization/Arrays"><a:double>0</a:double><a:double>0</a:double><a:double>0</a:double></Value></Attribute></Attributes><ChildElements/><ElementName>origin</ElementName><required>false</required><RPYAttribute z:Ref="i86"/><XYZAttribute z:Ref="i85"/><isCustomized>false</isCustomized></URDFElement><URDFElement z:Id="i87" i:type="Geometry"><Attributes/><ChildElements><URDFElement z:Id="i88" i:type="Mesh"><Attributes><Attribute z:Id="i89"><AttributeType>filename</AttributeType><IsRequired>true</IsRequired><Value i:nil="true"/></Attribute></Attributes><ChildElements/><ElementName>mesh</ElementName><required>false</required><FilenameAttribute z:Ref="i89"/></URDFElement></ChildElements><ElementName>geometry</ElementName><required>true</required><Mesh z:Ref="i88"/></URDFElement><URDFElement z:Id="i90" i:type="Material"><Attributes><Attribute z:Id="i91"><AttributeType>name</AttributeType><IsRequired>true</IsRequired><Value i:type="a:string" xmlns:a="http://www.w3.org/2001/XMLSchema"/></Attribute></Attributes><ChildElements><URDFElement z:Id="i92" i:type="Color"><Attributes><Attribute z:Id="i93"><AttributeType>rgba</AttributeType><IsRequired>true</IsRequired><Value i:type="a:ArrayOfdouble" xmlns:a="http://schemas.microsoft.com/2003/10/Serialization/Arrays"><a:double>1</a:double><a:double>1</a:double><a:double>1</a:double><a:double>1</a:double></Value></Attribute></Attributes><ChildElements/><ElementName>color</ElementName><required>false</required><RGBAAttribute z:Ref="i93"/></URDFElement><URDFElement z:Id="i94" i:type="Texture"><Attributes><Attribute z:Id="i95"><AttributeType>filename</AttributeType><IsRequired>true</IsRequired><Value i:nil="true"/></Attribute></Attributes><ChildElements/><ElementName>texture</ElementName><required>false</required><FilenameAttribute z:Ref="i95"/><wFilename/></URDFElement></ChildElements><ElementName>material</ElementName><required>false</required><Color z:Ref="i92"/><NameAttribute z:Ref="i91"/><Texture z:Ref="i94"/></URDFElement></ChildElements><ElementName>visual</ElementName><required>false</required><Geometry z:Ref="i87"/><Material z:Ref="i90"/><Origin z:Ref="i84"/></URDFElement><URDFElement z:Id="i96" i:type="Collision"><Attributes/><ChildElements><URDFElement z:Id="i97" i:type="Origin"><Attributes><Attribute z:Id="i98"><AttributeType>xyz</AttributeType><IsRequired>true</IsRequired><Value i:type="a:ArrayOfdouble" xmlns:a="http://schemas.microsoft.com/2003/10/Serialization/Arrays"><a:double>0</a:double><a:double>0</a:double><a:double>0</a:double></Value></Attribute><Attribute z:Id="i99"><AttributeType>rpy</AttributeType><IsRequired>true</IsRequired><Value i:type="a:ArrayOfdouble" xmlns:a="http://schemas.microsoft.com/2003/10/Serialization/Arrays"><a:double>0</a:double><a:double>0</a:double><a:double>0</a:double></Value></Attribute></Attributes><ChildElements/><ElementName>origin</ElementName><required>false</required><RPYAttribute z:Ref="i99"/><XYZAttribute z:Ref="i98"/><isCustomized>false</isCustomized></URDFElement><URDFElement z:Id="i100" i:type="Geometry"><Attributes/><ChildElements><URDFElement z:Id="i101" i:type="Mesh"><Attributes><Attribute z:Id="i102"><AttributeType>filename</AttributeType><IsRequired>true</IsRequired><Value i:nil="true"/></Attribute></Attributes><ChildElements/><ElementName>mesh</ElementName><required>false</required><FilenameAttribute z:Ref="i102"/></URDFElement></ChildElements><ElementName>geometry</ElementName><required>true</required><Mesh z:Ref="i101"/></URDFElement></ChildElements><ElementName>collision</ElementName><required>false</required><Geometry z:Ref="i100"/><Origin z:Ref="i97"/></URDFElement><URDFElement z:Id="i103" i:type="Joint"><Attributes><Attribute z:Id="i104"><AttributeType>name</AttributeType><IsRequired>true</IsRequired><Value i:type="a:string" xmlns:a="http://www.w3.org/2001/XMLSchema">Wheel_left_Joint</Value></Attribute><Attribute z:Id="i105"><AttributeType>type</AttributeType><IsRequired>true</IsRequired><Value i:type="a:string" xmlns:a="http://www.w3.org/2001/XMLSchema">revolute</Value></Attribute></Attributes><ChildElements><URDFElement z:Id="i106" i:type="Origin"><Attributes><Attribute z:Id="i107"><AttributeType>xyz</AttributeType><IsRequired>true</IsRequired><Value i:type="a:ArrayOfdouble" xmlns:a="http://schemas.microsoft.com/2003/10/Serialization/Arrays"><a:double>0</a:double><a:double>0</a:double><a:double>0</a:double></Value></Attribute><Attribute z:Id="i108"><AttributeType>rpy</AttributeType><IsRequired>true</IsRequired><Value i:type="a:ArrayOfdouble" xmlns:a="http://schemas.microsoft.com/2003/10/Serialization/Arrays"><a:double>0</a:double><a:double>0</a:double><a:double>0</a:double></Value></Attribute></Attributes><ChildElements/><ElementName>origin</ElementName><required>false</required><RPYAttribute z:Ref="i108"/><XYZAttribute z:Ref="i107"/><isCustomized>false</isCustomized></URDFElement><URDFElement z:Id="i109" i:type="ParentLink"><Attributes><Attribute z:Id="i110"><AttributeType>link</AttributeType><IsRequired>true</IsRequired><Value i:type="a:string" xmlns:a="http://www.w3.org/2001/XMLSchema"/></Attribute></Attributes><ChildElements/><ElementName>parent</ElementName><required>true</required><NameAttribute z:Ref="i110"/></URDFElement><URDFElement z:Id="i111" i:type="ChildLink"><Attributes><Attribute z:Id="i112"><AttributeType>link</AttributeType><IsRequired>true</IsRequired><Value i:type="a:string" xmlns:a="http://www.w3.org/2001/XMLSchema"/></Attribute></Attributes><ChildElements/><ElementName>child</ElementName><required>true</required><NameAttribute z:Ref="i112"/></URDFElement><URDFElement z:Id="i113" i:type="Axis"><Attributes><Attribute z:Id="i114"><AttributeType>xyz</AttributeType><IsRequired>true</IsRequired><Value i:type="a:ArrayOfdouble" xmlns:a="http://schemas.microsoft.com/2003/10/Serialization/Arrays"><a:double>0</a:double><a:double>0</a:double><a:double>0</a:double></Value></Attribute></Attributes><ChildElements/><ElementName>axis</ElementName><required>false</required><XYZAttribute z:Ref="i114"/></URDFElement><URDFElement z:Id="i115" i:type="Limit"><Attributes><Attribute z:Id="i116"><AttributeType>lower</AttributeType><IsRequired>false</IsRequired><Value i:nil="true"/></Attribute><Attribute z:Id="i117"><AttributeType>upper</AttributeType><IsRequired>false</IsRequired><Value i:nil="true"/></Attribute><Attribute z:Id="i118"><AttributeType>effort</AttributeType><IsRequired>true</IsRequired><Value i:nil="true"/></Attribute><Attribute z:Id="i119"><AttributeType>velocity</AttributeType><IsRequired>true</IsRequired><Value i:nil="true"/></Attribute></Attributes><ChildElements/><ElementName>limit</ElementName><required>false</required><EffortAttribute z:Ref="i118"/><LowerAttribute z:Ref="i116"/><UpperAttribute z:Ref="i117"/><VelocityAttribute z:Ref="i119"/></URDFElement><URDFElement z:Id="i120" i:type="Calibration"><Attributes><Attribute z:Id="i121"><AttributeType>rising</AttributeType><IsRequired>false</IsRequired><Value i:nil="true"/></Attribute><Attribute z:Id="i122"><AttributeType>falling</AttributeType><IsRequired>false</IsRequired><Value i:nil="true"/></Attribute></Attributes><ChildElements/><ElementName>calibration</ElementName><required>false</required><FallingAttribute z:Ref="i122"/><RisingAttribute z:Ref="i121"/></URDFElement><URDFElement z:Id="i123" i:type="Dynamics"><Attributes><Attribute z:Id="i124"><AttributeType>damping</AttributeType><IsRequired>false</IsRequired><Value i:nil="true"/></Attribute><Attribute z:Id="i125"><AttributeType>friction</AttributeType><IsRequired>false</IsRequired><Value i:nil="true"/></Attribute></Attributes><ChildElements/><ElementName>dynamics</ElementName><required>false</required><DampingAttribute z:Ref="i124"/><FrictionAttribute z:Ref="i125"/></URDFElement><URDFElement z:Id="i126" i:type="SafetyController"><Attributes><Attribute z:Id="i127"><AttributeType>soft_upper_limit</AttributeType><IsRequired>false</IsRequired><Value i:nil="true"/></Attribute><Attribute z:Id="i128"><AttributeType>soft_lower_limit</AttributeType><IsRequired>false</IsRequired><Value i:nil="true"/></Attribute><Attribute z:Id="i129"><AttributeType>k_position</AttributeType><IsRequired>false</IsRequired><Value i:nil="true"/></Attribute><Attribute z:Id="i130"><AttributeType>k_velocity</AttributeType><IsRequired>true</IsRequired><Value i:nil="true"/></Attribute></Attributes><ChildElements/><ElementName>safety_controller</ElementName><required>false</required><KPositionAttribute z:Ref="i129"/><KVelocityAttribute z:Ref="i130"/><SoftLowerAttribute z:Ref="i128"/><SoftUpperAttribute z:Ref="i127"/></URDFElement><URDFElement z:Id="i131" i:type="Mimic"><Attributes><Attribute z:Id="i132"><AttributeType>joint</AttributeType><IsRequired>true</IsRequired><Value i:nil="true"/></Attribute><Attribute z:Id="i133"><AttributeType>multiplier</AttributeType><IsRequired>false</IsRequired><Value i:nil="true"/></Attribute><Attribute z:Id="i134"><AttributeType>offset</AttributeType><IsRequired>false</IsRequired><Value i:nil="true"/></Attribute></Attributes><ChildElements/><ElementName>mimic</ElementName><required>false</required><JointNameAttribute z:Ref="i132"/><MultiplierAttribute z:Ref="i133"/><OffsetAttribute z:Ref="i134"/></URDFElement></ChildElements><ElementName>joint</ElementName><required>false</required><Axis z:Ref="i113"/><AxisName>Axis1</AxisName><Calibration z:Ref="i120"/><Child z:Ref="i111"/><CoordinateSystemName>Coordinate System1</CoordinateSystemName><Dynamics z:Ref="i123"/><Limit z:Ref="i115"/><Mimic z:Ref="i131"/><NameAttribute z:Ref="i104"/><Origin z:Ref="i106"/><Parent z:Ref="i109"/><Safety z:Ref="i126"/><TypeAttribute z:Ref="i105"/></URDFElement></ChildElements><ElementName>link</ElementName><required>true</required><Children/><Collision z:Ref="i96"/><Inertial z:Ref="i70"/><Joint z:Ref="i103"/><NameAttribute z:Ref="i69"/><Parent z:Ref="i1"/><STLQualityFine>false</STLQualityFine><SWComponentPIDs xmlns:a="http://schemas.microsoft.com/2003/10/Serialization/Arrays"><a:base64Binary>sDYAAAUAAAD//v8MVwBoAGUAZQBsAC0AMQBAAGEAcwBzADEABAAAABAAAAABAAAAAQAAABoAAAA=</a:base64Binary></SWComponentPIDs><SWMainComponentPID i:nil="true"/><Visual z:Ref="i83"/><isFixedFrame>false</isFixedFrame><isIncomplete>false</isIncomplete></Link><Link z:Id="i135"><Attributes><Attribute z:Id="i136"><AttributeType>name</AttributeType><IsRequired>true</IsRequired><Value i:type="a:string" xmlns:a="http://www.w3.org/2001/XMLSchema">Wheel_Right_Link</Value></Attribute></Attributes><ChildElements><URDFElement z:Id="i137" i:type="Inertial"><Attributes/><ChildElements><URDFElement z:Id="i138" i:type="Origin"><Attributes><Attribute z:Id="i139"><AttributeType>xyz</AttributeType><IsRequired>true</IsRequired><Value i:type="a:ArrayOfdouble" xmlns:a="http://schemas.microsoft.com/2003/10/Serialization/Arrays"><a:double>0</a:double><a:double>0</a:double><a:double>0</a:double></Value></Attribute><Attribute z:Id="i140"><AttributeType>rpy</AttributeType><IsRequired>true</IsRequired><Value i:type="a:ArrayOfdouble" xmlns:a="http://schemas.microsoft.com/2003/10/Serialization/Arrays"><a:double>0</a:double><a:double>0</a:double><a:double>0</a:double></Value></Attribute></Attributes><ChildElements/><ElementName>origin</ElementName><required>false</required><RPYAttribute z:Ref="i140"/><XYZAttribute z:Ref="i139"/><isCustomized>false</isCustomized></URDFElement><URDFElement z:Id="i141" i:type="Mass"><Attributes><Attribute z:Id="i142"><AttributeType>value</AttributeType><IsRequired>true</IsRequired><Value i:type="a:double" xmlns:a="http://www.w3.org/2001/XMLSchema">0</Value></Attribute></Attributes><ChildElements/><ElementName>mass</ElementName><required>false</required><ValueAttribute z:Ref="i142"/></URDFElement><URDFElement z:Id="i143" i:type="Inertia"><Attributes><Attribute z:Id="i144"><AttributeType>ixx</AttributeType><IsRequired>true</IsRequired><Value i:type="a:double" xmlns:a="http://www.w3.org/2001/XMLSchema">0</Value></Attribute><Attribute z:Id="i145"><AttributeType>ixy</AttributeType><IsRequired>true</IsRequired><Value i:type="a:double" xmlns:a="http://www.w3.org/2001/XMLSchema">0</Value></Attribute><Attribute z:Id="i146"><AttributeType>ixz</AttributeType><IsRequired>true</IsRequired><Value i:type="a:double" xmlns:a="http://www.w3.org/2001/XMLSchema">0</Value></Attribute><Attribute z:Id="i147"><AttributeType>iyy</AttributeType><IsRequired>true</IsRequired><Value i:type="a:double" xmlns:a="http://www.w3.org/2001/XMLSchema">0</Value></Attribute><Attribute z:Id="i148"><AttributeType>iyz</AttributeType><IsRequired>true</IsRequired><Value i:type="a:double" xmlns:a="http://www.w3.org/2001/XMLSchema">0</Value></Attribute><Attribute z:Id="i149"><AttributeType>izz</AttributeType><IsRequired>true</IsRequired><Value i:type="a:double" xmlns:a="http://www.w3.org/2001/XMLSchema">0</Value></Attribute></Attributes><ChildElements/><ElementName>inertia</ElementName><required>false</required><IxxAttribute z:Ref="i144"/><IxyAttribute z:Ref="i145"/><IxzAttribute z:Ref="i146"/><IyyAttribute z:Ref="i147"/><IyzAttribute z:Ref="i148"/><IzzAttribute z:Ref="i149"/></URDFElement></ChildElements><ElementName>inertial</ElementName><required>false</required><Inertia z:Ref="i143"/><Mass z:Ref="i141"/><Origin z:Ref="i138"/></URDFElement><URDFElement z:Id="i150" i:type="Visual"><Attributes/><ChildElements><URDFElement z:Id="i151" i:type="Origin"><Attributes><Attribute z:Id="i152"><AttributeType>xyz</AttributeType><IsRequired>true</IsRequired><Value i:type="a:ArrayOfdouble" xmlns:a="http://schemas.microsoft.com/2003/10/Serialization/Arrays"><a:double>0</a:double><a:double>0</a:double><a:double>0</a:double></Value></Attribute><Attribute z:Id="i153"><AttributeType>rpy</AttributeType><IsRequired>true</IsRequired><Value i:type="a:ArrayOfdouble" xmlns:a="http://schemas.microsoft.com/2003/10/Serialization/Arrays"><a:double>0</a:double><a:double>0</a:double><a:double>0</a:double></Value></Attribute></Attributes><ChildElements/><ElementName>origin</ElementName><required>false</required><RPYAttribute z:Ref="i153"/><XYZAttribute z:Ref="i152"/><isCustomized>false</isCustomized></URDFElement><URDFElement z:Id="i154" i:type="Geometry"><Attributes/><ChildElements><URDFElement z:Id="i155" i:type="Mesh"><Attributes><Attribute z:Id="i156"><AttributeType>filename</AttributeType><IsRequired>true</IsRequired><Value i:nil="true"/></Attribute></Attributes><ChildElements/><ElementName>mesh</ElementName><required>false</required><FilenameAttribute z:Ref="i156"/></URDFElement></ChildElements><ElementName>geometry</ElementName><required>true</required><Mesh z:Ref="i155"/></URDFElement><URDFElement z:Id="i157" i:type="Material"><Attributes><Attribute z:Id="i158"><AttributeType>name</AttributeType><IsRequired>true</IsRequired><Value i:type="a:string" xmlns:a="http://www.w3.org/2001/XMLSchema"/></Attribute></Attributes><ChildElements><URDFElement z:Id="i159" i:type="Color"><Attributes><Attribute z:Id="i160"><AttributeType>rgba</AttributeType><IsRequired>true</IsRequired><Value i:type="a:ArrayOfdouble" xmlns:a="http://schemas.microsoft.com/2003/10/Serialization/Arrays"><a:double>1</a:double><a:double>1</a:double><a:double>1</a:double><a:double>1</a:double></Value></Attribute></Attributes><ChildElements/><ElementName>color</ElementName><required>false</required><RGBAAttribute z:Ref="i160"/></URDFElement><URDFElement z:Id="i161" i:type="Texture"><Attributes><Attribute z:Id="i162"><AttributeType>filename</AttributeType><IsRequired>true</IsRequired><Value i:nil="true"/></Attribute></Attributes><ChildElements/><ElementName>texture</ElementName><required>false</required><FilenameAttribute z:Ref="i162"/><wFilename/></URDFElement></ChildElements><ElementName>material</ElementName><required>false</required><Color z:Ref="i159"/><NameAttribute z:Ref="i158"/><Texture z:Ref="i161"/></URDFElement></ChildElements><ElementName>visual</ElementName><required>false</required><Geometry z:Ref="i154"/><Material z:Ref="i157"/><Origin z:Ref="i151"/></URDFElement><URDFElement z:Id="i163" i:type="Collision"><Attributes/><ChildElements><URDFElement z:Id="i164" i:type="Origin"><Attributes><Attribute z:Id="i165"><AttributeType>xyz</AttributeType><IsRequired>true</IsRequired><Value i:type="a:ArrayOfdouble" xmlns:a="http://schemas.microsoft.com/2003/10/Serialization/Arrays"><a:double>0</a:double><a:double>0</a:double><a:double>0</a:double></Value></Attribute><Attribute z:Id="i166"><AttributeType>rpy</AttributeType><IsRequired>true</IsRequired><Value i:type="a:ArrayOfdouble" xmlns:a="http://schemas.microsoft.com/2003/10/Serialization/Arrays"><a:double>0</a:double><a:double>0</a:double><a:double>0</a:double></Value></Attribute></Attributes><ChildElements/><ElementName>origin</ElementName><required>false</required><RPYAttribute z:Ref="i166"/><XYZAttribute z:Ref="i165"/><isCustomized>false</isCustomized></URDFElement><URDFElement z:Id="i167" i:type="Geometry"><Attributes/><ChildElements><URDFElement z:Id="i168" i:type="Mesh"><Attributes><Attribute z:Id="i169"><AttributeType>filename</AttributeType><IsRequired>true</IsRequired><Value i:nil="true"/></Attribute></Attributes><ChildElements/><ElementName>mesh</ElementName><required>false</required><FilenameAttribute z:Ref="i169"/></URDFElement></ChildElements><ElementName>geometry</ElementName><required>true</required><Mesh z:Ref="i168"/></URDFElement></ChildElements><ElementName>collision</ElementName><required>false</required><Geometry z:Ref="i167"/><Origin z:Ref="i164"/></URDFElement><URDFElement z:Id="i170" i:type="Joint"><Attributes><Attribute z:Id="i171"><AttributeType>name</AttributeType><IsRequired>true</IsRequired><Value i:type="a:string" xmlns:a="http://www.w3.org/2001/XMLSchema">Wheel_Right_Joint</Value></Attribute><Attribute z:Id="i172"><AttributeType>type</AttributeType><IsRequired>true</IsRequired><Value i:type="a:string" xmlns:a="http://www.w3.org/2001/XMLSchema">revolute</Value></Attribute></Attributes><ChildElements><URDFElement z:Id="i173" i:type="Origin"><Attributes><Attribute z:Id="i174"><AttributeType>xyz</AttributeType><IsRequired>true</IsRequired><Value i:type="a:ArrayOfdouble" xmlns:a="http://schemas.microsoft.com/2003/10/Serialization/Arrays"><a:double>0</a:double><a:double>0</a:double><a:double>0</a:double></Value></Attribute><Attribute z:Id="i175"><AttributeType>rpy</AttributeType><IsRequired>true</IsRequired><Value i:type="a:ArrayOfdouble" xmlns:a="http://schemas.microsoft.com/2003/10/Serialization/Arrays"><a:double>0</a:double><a:double>0</a:double><a:double>0</a:double></Value></Attribute></Attributes><ChildElements/><ElementName>origin</ElementName><required>false</required><RPYAttribute z:Ref="i175"/><XYZAttribute z:Ref="i174"/><isCustomized>false</isCustomized></URDFElement><URDFElement z:Id="i176" i:type="ParentLink"><Attributes><Attribute z:Id="i177"><AttributeType>link</AttributeType><IsRequired>true</IsRequired><Value i:type="a:string" xmlns:a="http://www.w3.org/2001/XMLSchema"/></Attribute></Attributes><ChildElements/><ElementName>parent</ElementName><required>true</required><NameAttribute z:Ref="i177"/></URDFElement><URDFElement z:Id="i178" i:type="ChildLink"><Attributes><Attribute z:Id="i179"><AttributeType>link</AttributeType><IsRequired>true</IsRequired><Value i:type="a:string" xmlns:a="http://www.w3.org/2001/XMLSchema"/></Attribute></Attributes><ChildElements/><ElementName>child</ElementName><required>true</required><NameAttribute z:Ref="i179"/></URDFElement><URDFElement z:Id="i180" i:type="Axis"><Attributes><Attribute z:Id="i181"><AttributeType>xyz</AttributeType><IsRequired>true</IsRequired><Value i:type="a:ArrayOfdouble" xmlns:a="http://schemas.microsoft.com/2003/10/Serialization/Arrays"><a:double>0</a:double><a:double>0</a:double><a:double>0</a:double></Value></Attribute></Attributes><ChildElements/><ElementName>axis</ElementName><required>false</required><XYZAttribute z:Ref="i181"/></URDFElement><URDFElement z:Id="i182" i:type="Limit"><Attributes><Attribute z:Id="i183"><AttributeType>lower</AttributeType><IsRequired>false</IsRequired><Value i:nil="true"/></Attribute><Attribute z:Id="i184"><AttributeType>upper</AttributeType><IsRequired>false</IsRequired><Value i:nil="true"/></Attribute><Attribute z:Id="i185"><AttributeType>effort</AttributeType><IsRequired>true</IsRequired><Value i:nil="true"/></Attribute><Attribute z:Id="i186"><AttributeType>velocity</AttributeType><IsRequired>true</IsRequired><Value i:nil="true"/></Attribute></Attributes><ChildElements/><ElementName>limit</ElementName><required>false</required><EffortAttribute z:Ref="i185"/><LowerAttribute z:Ref="i183"/><UpperAttribute z:Ref="i184"/><VelocityAttribute z:Ref="i186"/></URDFElement><URDFElement z:Id="i187" i:type="Calibration"><Attributes><Attribute z:Id="i188"><AttributeType>rising</AttributeType><IsRequired>false</IsRequired><Value i:nil="true"/></Attribute><Attribute z:Id="i189"><AttributeType>falling</AttributeType><IsRequired>false</IsRequired><Value i:nil="true"/></Attribute></Attributes><ChildElements/><ElementName>calibration</ElementName><required>false</required><FallingAttribute z:Ref="i189"/><RisingAttribute z:Ref="i188"/></URDFElement><URDFElement z:Id="i190" i:type="Dynamics"><Attributes><Attribute z:Id="i191"><AttributeType>damping</AttributeType><IsRequired>false</IsRequired><Value i:nil="true"/></Attribute><Attribute z:Id="i192"><AttributeType>friction</AttributeType><IsRequired>false</IsRequired><Value i:nil="true"/></Attribute></Attributes><ChildElements/><ElementName>dynamics</ElementName><required>false</required><DampingAttribute z:Ref="i191"/><FrictionAttribute z:Ref="i192"/></URDFElement><URDFElement z:Id="i193" i:type="SafetyController"><Attributes><Attribute z:Id="i194"><AttributeType>soft_upper_limit</AttributeType><IsRequired>false</IsRequired><Value i:nil="true"/></Attribute><Attribute z:Id="i195"><AttributeType>soft_lower_limit</AttributeType><IsRequired>false</IsRequired><Value i:nil="true"/></Attribute><Attribute z:Id="i196"><AttributeType>k_position</AttributeType><IsRequired>false</IsRequired><Value i:nil="true"/></Attribute><Attribute z:Id="i197"><AttributeType>k_velocity</AttributeType><IsRequired>true</IsRequired><Value i:nil="true"/></Attribute></Attributes><ChildElements/><ElementName>safety_controller</ElementName><required>false</required><KPositionAttribute z:Ref="i196"/><KVelocityAttribute z:Ref="i197"/><SoftLowerAttribute z:Ref="i195"/><SoftUpperAttribute z:Ref="i194"/></URDFElement><URDFElement z:Id="i198" i:type="Mimic"><Attributes><Attribute z:Id="i199"><AttributeType>joint</AttributeType><IsRequired>true</IsRequired><Value i:nil="true"/></Attribute><Attribute z:Id="i200"><AttributeType>multiplier</AttributeType><IsRequired>false</IsRequired><Value i:nil="true"/></Attribute><Attribute z:Id="i201"><AttributeType>offset</AttributeType><IsRequired>false</IsRequired><Value i:nil="true"/></Attribute></Attributes><ChildElements/><ElementName>mimic</ElementName><required>false</required><JointNameAttribute z:Ref="i199"/><MultiplierAttribute z:Ref="i200"/><OffsetAttribute z:Ref="i201"/></URDFElement></ChildElements><ElementName>joint</ElementName><required>false</required><Axis z:Ref="i180"/><AxisName>Axis2</AxisName><Calibration z:Ref="i187"/><Child z:Ref="i178"/><CoordinateSystemName>Coordinate System1</CoordinateSystemName><Dynamics z:Ref="i190"/><Limit z:Ref="i182"/><Mimic z:Ref="i198"/><NameAttribute z:Ref="i171"/><Origin z:Ref="i173"/><Parent z:Ref="i176"/><Safety z:Ref="i193"/><TypeAttribute z:Ref="i172"/></URDFElement></ChildElements><ElementName>link</ElementName><required>true</required><Children/><Collision z:Ref="i163"/><Inertial z:Ref="i137"/><Joint z:Ref="i170"/><NameAttribute z:Ref="i136"/><Parent z:Ref="i1"/><STLQualityFine>false</STLQualityFine><SWComponentPIDs xmlns:a="http://schemas.microsoft.com/2003/10/Serialization/Arrays"><a:base64Binary>sDYAAAUAAAD//v8MVwBoAGUAZQBsAC0AMgBAAGEAcwBzADEABAAAABAAAAABAAAAAQAAAB0AAAA=</a:base64Binary></SWComponentPIDs><SWMainComponentPID i:nil="true"/><Visual z:Ref="i150"/><isFixedFrame>false</isFixedFrame><isIncomplete>false</isIncomplete></Link><Link z:Id="i202"><Attributes><Attribute z:Id="i203"><AttributeType>name</AttributeType><IsRequired>true</IsRequired><Value i:type="a:string" xmlns:a="http://www.w3.org/2001/XMLSchema">Raser_Link</Value></Attribute></Attributes><ChildElements><URDFElement z:Id="i204" i:type="Inertial"><Attributes/><ChildElements><URDFElement z:Id="i205" i:type="Origin"><Attributes><Attribute z:Id="i206"><AttributeType>xyz</AttributeType><IsRequired>true</IsRequired><Value i:type="a:ArrayOfdouble" xmlns:a="http://schemas.microsoft.com/2003/10/Serialization/Arrays"><a:double>0</a:double><a:double>0</a:double><a:double>0</a:double></Value></Attribute><Attribute z:Id="i207"><AttributeType>rpy</AttributeType><IsRequired>true</IsRequired><Value i:type="a:ArrayOfdouble" xmlns:a="http://schemas.microsoft.com/2003/10/Serialization/Arrays"><a:double>0</a:double><a:double>0</a:double><a:double>0</a:double></Value></Attribute></Attributes><ChildElements/><ElementName>origin</ElementName><required>false</required><RPYAttribute z:Ref="i207"/><XYZAttribute z:Ref="i206"/><isCustomized>false</isCustomized></URDFElement><URDFElement z:Id="i208" i:type="Mass"><Attributes><Attribute z:Id="i209"><AttributeType>value</AttributeType><IsRequired>true</IsRequired><Value i:type="a:double" xmlns:a="http://www.w3.org/2001/XMLSchema">0</Value></Attribute></Attributes><ChildElements/><ElementName>mass</ElementName><required>false</required><ValueAttribute z:Ref="i209"/></URDFElement><URDFElement z:Id="i210" i:type="Inertia"><Attributes><Attribute z:Id="i211"><AttributeType>ixx</AttributeType><IsRequired>true</IsRequired><Value i:type="a:double" xmlns:a="http://www.w3.org/2001/XMLSchema">0</Value></Attribute><Attribute z:Id="i212"><AttributeType>ixy</AttributeType><IsRequired>true</IsRequired><Value i:type="a:double" xmlns:a="http://www.w3.org/2001/XMLSchema">0</Value></Attribute><Attribute z:Id="i213"><AttributeType>ixz</AttributeType><IsRequired>true</IsRequired><Value i:type="a:double" xmlns:a="http://www.w3.org/2001/XMLSchema">0</Value></Attribute><Attribute z:Id="i214"><AttributeType>iyy</AttributeType><IsRequired>true</IsRequired><Value i:type="a:double" xmlns:a="http://www.w3.org/2001/XMLSchema">0</Value></Attribute><Attribute z:Id="i215"><AttributeType>iyz</AttributeType><IsRequired>true</IsRequired><Value i:type="a:double" xmlns:a="http://www.w3.org/2001/XMLSchema">0</Value></Attribute><Attribute z:Id="i216"><AttributeType>izz</AttributeType><IsRequired>true</IsRequired><Value i:type="a:double" xmlns:a="http://www.w3.org/2001/XMLSchema">0</Value></Attribute></Attributes><ChildElements/><ElementName>inertia</ElementName><required>false</required><IxxAttribute z:Ref="i211"/><IxyAttribute z:Ref="i212"/><IxzAttribute z:Ref="i213"/><IyyAttribute z:Ref="i214"/><IyzAttribute z:Ref="i215"/><IzzAttribute z:Ref="i216"/></URDFElement></ChildElements><ElementName>inertial</ElementName><required>false</required><Inertia z:Ref="i210"/><Mass z:Ref="i208"/><Origin z:Ref="i205"/></URDFElement><URDFElement z:Id="i217" i:type="Visual"><Attributes/><ChildElements><URDFElement z:Id="i218" i:type="Origin"><Attributes><Attribute z:Id="i219"><AttributeType>xyz</AttributeType><IsRequired>true</IsRequired><Value i:type="a:ArrayOfdouble" xmlns:a="http://schemas.microsoft.com/2003/10/Serialization/Arrays"><a:double>0</a:double><a:double>0</a:double><a:double>0</a:double></Value></Attribute><Attribute z:Id="i220"><AttributeType>rpy</AttributeType><IsRequired>true</IsRequired><Value i:type="a:ArrayOfdouble" xmlns:a="http://schemas.microsoft.com/2003/10/Serialization/Arrays"><a:double>0</a:double><a:double>0</a:double><a:double>0</a:double></Value></Attribute></Attributes><ChildElements/><ElementName>origin</ElementName><required>false</required><RPYAttribute z:Ref="i220"/><XYZAttribute z:Ref="i219"/><isCustomized>false</isCustomized></URDFElement><URDFElement z:Id="i221" i:type="Geometry"><Attributes/><ChildElements><URDFElement z:Id="i222" i:type="Mesh"><Attributes><Attribute z:Id="i223"><AttributeType>filename</AttributeType><IsRequired>true</IsRequired><Value i:nil="true"/></Attribute></Attributes><ChildElements/><ElementName>mesh</ElementName><required>false</required><FilenameAttribute z:Ref="i223"/></URDFElement></ChildElements><ElementName>geometry</ElementName><required>true</required><Mesh z:Ref="i222"/></URDFElement><URDFElement z:Id="i224" i:type="Material"><Attributes><Attribute z:Id="i225"><AttributeType>name</AttributeType><IsRequired>true</IsRequired><Value i:type="a:string" xmlns:a="http://www.w3.org/2001/XMLSchema"/></Attribute></Attributes><ChildElements><URDFElement z:Id="i226" i:type="Color"><Attributes><Attribute z:Id="i227"><AttributeType>rgba</AttributeType><IsRequired>true</IsRequired><Value i:type="a:ArrayOfdouble" xmlns:a="http://schemas.microsoft.com/2003/10/Serialization/Arrays"><a:double>1</a:double><a:double>1</a:double><a:double>1</a:double><a:double>1</a:double></Value></Attribute></Attributes><ChildElements/><ElementName>color</ElementName><required>false</required><RGBAAttribute z:Ref="i227"/></URDFElement><URDFElement z:Id="i228" i:type="Texture"><Attributes><Attribute z:Id="i229"><AttributeType>filename</AttributeType><IsRequired>true</IsRequired><Value i:nil="true"/></Attribute></Attributes><ChildElements/><ElementName>texture</ElementName><required>false</required><FilenameAttribute z:Ref="i229"/><wFilename/></URDFElement></ChildElements><ElementName>material</ElementName><required>false</required><Color z:Ref="i226"/><NameAttribute z:Ref="i225"/><Texture z:Ref="i228"/></URDFElement></ChildElements><ElementName>visual</ElementName><required>false</required><Geometry z:Ref="i221"/><Material z:Ref="i224"/><Origin z:Ref="i218"/></URDFElement><URDFElement z:Id="i230" i:type="Collision"><Attributes/><ChildElements><URDFElement z:Id="i231" i:type="Origin"><Attributes><Attribute z:Id="i232"><AttributeType>xyz</AttributeType><IsRequired>true</IsRequired><Value i:type="a:ArrayOfdouble" xmlns:a="http://schemas.microsoft.com/2003/10/Serialization/Arrays"><a:double>0</a:double><a:double>0</a:double><a:double>0</a:double></Value></Attribute><Attribute z:Id="i233"><AttributeType>rpy</AttributeType><IsRequired>true</IsRequired><Value i:type="a:ArrayOfdouble" xmlns:a="http://schemas.microsoft.com/2003/10/Serialization/Arrays"><a:double>0</a:double><a:double>0</a:double><a:double>0</a:double></Value></Attribute></Attributes><ChildElements/><ElementName>origin</ElementName><required>false</required><RPYAttribute z:Ref="i233"/><XYZAttribute z:Ref="i232"/><isCustomized>false</isCustomized></URDFElement><URDFElement z:Id="i234" i:type="Geometry"><Attributes/><ChildElements><URDFElement z:Id="i235" i:type="Mesh"><Attributes><Attribute z:Id="i236"><AttributeType>filename</AttributeType><IsRequired>true</IsRequired><Value i:nil="true"/></Attribute></Attributes><ChildElements/><ElementName>mesh</ElementName><required>false</required><FilenameAttribute z:Ref="i236"/></URDFElement></ChildElements><ElementName>geometry</ElementName><required>true</required><Mesh z:Ref="i235"/></URDFElement></ChildElements><ElementName>collision</ElementName><required>false</required><Geometry z:Ref="i234"/><Origin z:Ref="i231"/></URDFElement><URDFElement z:Id="i237" i:type="Joint"><Attributes><Attribute z:Id="i238"><AttributeType>name</AttributeType><IsRequired>true</IsRequired><Value i:type="a:string" xmlns:a="http://www.w3.org/2001/XMLSchema">Raser_Joint</Value></Attribute><Attribute z:Id="i239"><AttributeType>type</AttributeType><IsRequired>true</IsRequired><Value i:type="a:string" xmlns:a="http://www.w3.org/2001/XMLSchema">fixed</Value></Attribute></Attributes><ChildElements><URDFElement z:Id="i240" i:type="Origin"><Attributes><Attribute z:Id="i241"><AttributeType>xyz</AttributeType><IsRequired>true</IsRequired><Value i:type="a:ArrayOfdouble" xmlns:a="http://schemas.microsoft.com/2003/10/Serialization/Arrays"><a:double>0</a:double><a:double>0</a:double><a:double>0</a:double></Value></Attribute><Attribute z:Id="i242"><AttributeType>rpy</AttributeType><IsRequired>true</IsRequired><Value i:type="a:ArrayOfdouble" xmlns:a="http://schemas.microsoft.com/2003/10/Serialization/Arrays"><a:double>0</a:double><a:double>0</a:double><a:double>0</a:double></Value></Attribute></Attributes><ChildElements/><ElementName>origin</ElementName><required>false</required><RPYAttribute z:Ref="i242"/><XYZAttribute z:Ref="i241"/><isCustomized>false</isCustomized></URDFElement><URDFElement z:Id="i243" i:type="ParentLink"><Attributes><Attribute z:Id="i244"><AttributeType>link</AttributeType><IsRequired>true</IsRequired><Value i:type="a:string" xmlns:a="http://www.w3.org/2001/XMLSchema"/></Attribute></Attributes><ChildElements/><ElementName>parent</ElementName><required>true</required><NameAttribute z:Ref="i244"/></URDFElement><URDFElement z:Id="i245" i:type="ChildLink"><Attributes><Attribute z:Id="i246"><AttributeType>link</AttributeType><IsRequired>true</IsRequired><Value i:type="a:string" xmlns:a="http://www.w3.org/2001/XMLSchema"/></Attribute></Attributes><ChildElements/><ElementName>child</ElementName><required>true</required><NameAttribute z:Ref="i246"/></URDFElement><URDFElement z:Id="i247" i:type="Axis"><Attributes><Attribute z:Id="i248"><AttributeType>xyz</AttributeType><IsRequired>true</IsRequired><Value i:type="a:ArrayOfdouble" xmlns:a="http://schemas.microsoft.com/2003/10/Serialization/Arrays"><a:double>0</a:double><a:double>0</a:double><a:double>0</a:double></Value></Attribute></Attributes><ChildElements/><ElementName>axis</ElementName><required>false</required><XYZAttribute z:Ref="i248"/></URDFElement><URDFElement z:Id="i249" i:type="Limit"><Attributes><Attribute z:Id="i250"><AttributeType>lower</AttributeType><IsRequired>false</IsRequired><Value i:nil="true"/></Attribute><Attribute z:Id="i251"><AttributeType>upper</AttributeType><IsRequired>false</IsRequired><Value i:nil="true"/></Attribute><Attribute z:Id="i252"><AttributeType>effort</AttributeType><IsRequired>true</IsRequired><Value i:nil="true"/></Attribute><Attribute z:Id="i253"><AttributeType>velocity</AttributeType><IsRequired>true</IsRequired><Value i:nil="true"/></Attribute></Attributes><ChildElements/><ElementName>limit</ElementName><required>false</required><EffortAttribute z:Ref="i252"/><LowerAttribute z:Ref="i250"/><UpperAttribute z:Ref="i251"/><VelocityAttribute z:Ref="i253"/></URDFElement><URDFElement z:Id="i254" i:type="Calibration"><Attributes><Attribute z:Id="i255"><AttributeType>rising</AttributeType><IsRequired>false</IsRequired><Value i:nil="true"/></Attribute><Attribute z:Id="i256"><AttributeType>falling</AttributeType><IsRequired>false</IsRequired><Value i:nil="true"/></Attribute></Attributes><ChildElements/><ElementName>calibration</ElementName><required>false</required><FallingAttribute z:Ref="i256"/><RisingAttribute z:Ref="i255"/></URDFElement><URDFElement z:Id="i257" i:type="Dynamics"><Attributes><Attribute z:Id="i258"><AttributeType>damping</AttributeType><IsRequired>false</IsRequired><Value i:nil="true"/></Attribute><Attribute z:Id="i259"><AttributeType>friction</AttributeType><IsRequired>false</IsRequired><Value i:nil="true"/></Attribute></Attributes><ChildElements/><ElementName>dynamics</ElementName><required>false</required><DampingAttribute z:Ref="i258"/><FrictionAttribute z:Ref="i259"/></URDFElement><URDFElement z:Id="i260" i:type="SafetyController"><Attributes><Attribute z:Id="i261"><AttributeType>soft_upper_limit</AttributeType><IsRequired>false</IsRequired><Value i:nil="true"/></Attribute><Attribute z:Id="i262"><AttributeType>soft_lower_limit</AttributeType><IsRequired>false</IsRequired><Value i:nil="true"/></Attribute><Attribute z:Id="i263"><AttributeType>k_position</AttributeType><IsRequired>false</IsRequired><Value i:nil="true"/></Attribute><Attribute z:Id="i264"><AttributeType>k_velocity</AttributeType><IsRequired>true</IsRequired><Value i:nil="true"/></Attribute></Attributes><ChildElements/><ElementName>safety_controller</ElementName><required>false</required><KPositionAttribute z:Ref="i263"/><KVelocityAttribute z:Ref="i264"/><SoftLowerAttribute z:Ref="i262"/><SoftUpperAttribute z:Ref="i261"/></URDFElement><URDFElement z:Id="i265" i:type="Mimic"><Attributes><Attribute z:Id="i266"><AttributeType>joint</AttributeType><IsRequired>true</IsRequired><Value i:nil="true"/></Attribute><Attribute z:Id="i267"><AttributeType>multiplier</AttributeType><IsRequired>false</IsRequired><Value i:nil="true"/></Attribute><Attribute z:Id="i268"><AttributeType>offset</AttributeType><IsRequired>false</IsRequired><Value i:nil="true"/></Attribute></Attributes><ChildElements/><ElementName>mimic</ElementName><required>false</required><JointNameAttribute z:Ref="i266"/><MultiplierAttribute z:Ref="i267"/><OffsetAttribute z:Ref="i268"/></URDFElement></ChildElements><ElementName>joint</ElementName><required>false</required><Axis z:Ref="i247"/><AxisName>Automatically Generate</AxisName><Calibration z:Ref="i254"/><Child z:Ref="i245"/><CoordinateSystemName>Coordinate System1</CoordinateSystemName><Dynamics z:Ref="i257"/><Limit z:Ref="i249"/><Mimic z:Ref="i265"/><NameAttribute z:Ref="i238"/><Origin z:Ref="i240"/><Parent z:Ref="i243"/><Safety z:Ref="i260"/><TypeAttribute z:Ref="i239"/></URDFElement></ChildElements><ElementName>link</ElementName><required>true</required><Children/><Collision z:Ref="i230"/><Inertial z:Ref="i204"/><Joint z:Ref="i237"/><NameAttribute z:Ref="i203"/><Parent z:Ref="i1"/><STLQualityFine>false</STLQualityFine><SWComponentPIDs xmlns:a="http://schemas.microsoft.com/2003/10/Serialization/Arrays"><a:base64Binary>sDYAAAUAAAD//v8MbABhAHMAZQByAC0AMQBAAGEAcwBzADEABAAAABAAAAABAAAAAQAAACUAAAA=</a:base64Binary></SWComponentPIDs><SWMainComponentPID i:nil="true"/><Visual z:Ref="i217"/><isFixedFrame>false</isFixedFrame><isIncomplete>false</isIncomplete></Link></Children><Collision z:Ref="i29"/><Inertial z:Ref="i3"/><Joint z:Ref="i36"/><NameAttribute z:Ref="i2"/><Parent i:nil="true"/><STLQualityFine>false</STLQualityFine><SWComponentPIDs xmlns:a="http://schemas.microsoft.com/2003/10/Serialization/Arrays"><a:base64Binary>sDYAAAUAAAD//v8LQgBhAHMAZQAtADEAQABhAHMAcwAxAAQAAAAQAAAAAQAAAAEAAAAZAAAA</a:base64Binary></SWComponentPIDs><SWMainComponentPID i:nil="true"/><Visual z:Ref="i16"/><isFixedFrame>false</isFixedFrame><isIncomplete>false</isIncomplete></Link>
2021-12-09 00:06:58,359 INFO  AssemblyExportForm.cs: 309 - Saving URDF package to C:\Users\armbook\Desktop\Robothos
2021-12-09 00:06:58,362 INFO  ExportHelper.cs: 147 - Beginning the export process
2021-12-09 00:06:58,365 INFO  ExportHelper.cs: 153 - Creating package directories with name Robothos and save path C:\Users\armbook\Desktop
2021-12-09 00:07:01,430 INFO  ExportHelper.cs: 162 - Creating CMakeLists.txt at C:\Users\armbook\Desktop\Robothos\CMakeLists.txt
2021-12-09 00:07:01,446 INFO  ExportHelper.cs: 166 - Creating joint names config at C:\Users\armbook\Desktop\Robothos\config\joint_names_Robothos.yaml
2021-12-09 00:07:01,450 INFO  ExportHelper.cs: 170 - Creating package.xml at C:\Users\armbook\Desktop\Robothos\package.xml
2021-12-09 00:07:01,450 INFO  PackageXMLWriter.cs: 21 - Creating package.xml at C:\Users\armbook\Desktop\Robothos\package.xml
2021-12-09 00:07:01,456 INFO  ExportHelper.cs: 177 - Creating RVIZ launch file in C:\Users\armbook\Desktop\Robothos\launch\
2021-12-09 00:07:01,460 INFO  ExportHelper.cs: 182 - Creating Gazebo launch file in C:\Users\armbook\Desktop\Robothos\launch\
2021-12-09 00:07:01,464 INFO  ExportHelper.cs: 187 - Saving existing STL preferences
2021-12-09 00:07:01,465 INFO  ExportHelper.cs: 450 - Saving users preferences
2021-12-09 00:07:01,469 INFO  ExportHelper.cs: 190 - Modifying STL preferences
2021-12-09 00:07:01,469 INFO  ExportHelper.cs: 464 - Setting STL preferences
2021-12-09 00:07:01,480 INFO  ExportHelper.cs: 196 - Found 0 hidden components 
2021-12-09 00:07:01,485 INFO  ExportHelper.cs: 197 - Hiding all components
2021-12-09 00:07:01,573 INFO  ExportHelper.cs: 204 - Beginning individual files export
2021-12-09 00:07:01,582 INFO  ExportHelper.cs: 270 - Exporting link: base_link
2021-12-09 00:07:01,583 INFO  ExportHelper.cs: 272 - Link base_link has 3 children
2021-12-09 00:07:01,586 INFO  ExportHelper.cs: 270 - Exporting link: Wheel_left_Link
2021-12-09 00:07:01,586 INFO  ExportHelper.cs: 272 - Link Wheel_left_Link has 0 children
2021-12-09 00:07:01,587 INFO  ExportHelper.cs: 317 - Wheel_left_Link: Exporting STL with coordinate frame Coordinate System1
2021-12-09 00:07:01,588 INFO  ExportHelper.cs: 322 - Wheel_left_Link: Reference geometry name 
2021-12-09 00:07:01,610 INFO  ExportHelper.cs: 330 - Saving STL to C:\Users\armbook\Desktop\Robothos\meshes\Wheel_left_Link.STL
2021-12-09 00:07:01,821 INFO  ExportHelper.cs: 405 - Removing SW header in STL file
2021-12-09 00:07:01,825 INFO  ExportHelper.cs: 270 - Exporting link: Wheel_Right_Link
2021-12-09 00:07:01,826 INFO  ExportHelper.cs: 272 - Link Wheel_Right_Link has 0 children
2021-12-09 00:07:01,828 INFO  ExportHelper.cs: 317 - Wheel_Right_Link: Exporting STL with coordinate frame Coordinate System1
2021-12-09 00:07:01,829 INFO  ExportHelper.cs: 322 - Wheel_Right_Link: Reference geometry name 
2021-12-09 00:07:01,849 INFO  ExportHelper.cs: 330 - Saving STL to C:\Users\armbook\Desktop\Robothos\meshes\Wheel_Right_Link.STL
2021-12-09 00:07:01,916 INFO  ExportHelper.cs: 405 - Removing SW header in STL file
2021-12-09 00:07:01,920 INFO  ExportHelper.cs: 270 - Exporting link: Raser_Link
2021-12-09 00:07:01,921 INFO  ExportHelper.cs: 272 - Link Raser_Link has 0 children
2021-12-09 00:07:01,921 INFO  ExportHelper.cs: 317 - Raser_Link: Exporting STL with coordinate frame Coordinate System1
2021-12-09 00:07:01,922 INFO  ExportHelper.cs: 322 - Raser_Link: Reference geometry name 
2021-12-09 00:07:01,943 INFO  ExportHelper.cs: 330 - Saving STL to C:\Users\armbook\Desktop\Robothos\meshes\Raser_Link.STL
2021-12-09 00:07:02,015 INFO  ExportHelper.cs: 405 - Removing SW header in STL file
2021-12-09 00:07:02,016 INFO  ExportHelper.cs: 317 - base_link: Exporting STL with coordinate frame Coordinate System1
2021-12-09 00:07:02,017 INFO  ExportHelper.cs: 322 - base_link: Reference geometry name 
2021-12-09 00:07:02,035 INFO  ExportHelper.cs: 330 - Saving STL to C:\Users\armbook\Desktop\Robothos\meshes\base_link.STL
2021-12-09 00:07:02,108 INFO  ExportHelper.cs: 405 - Removing SW header in STL file
2021-12-09 00:07:02,109 INFO  ExportHelper.cs: 145 - Showing all components except previously hidden components
2021-12-09 00:07:02,187 INFO  ExportHelper.cs: 145 - Resetting STL preferences
2021-12-09 00:07:02,189 INFO  ExportHelper.cs: 478 - Returning STL preferences to user preferences
2021-12-09 00:07:02,190 INFO  ExportHelper.cs: 228 - Writing URDF file to C:\Users\armbook\Desktop\Robothos\urdf\Robothos.urdf
2021-12-09 00:07:02,290 INFO  CSVImportExport.cs: 32 - Writing CSV file C:\Users\armbook\Desktop\Robothos\urdf\Robothos.csv
2021-12-09 00:07:02,368 ERROR CSVImportExport.cs: 130 - The following columns were not written to the CSV: Link.Joint.ChildLink.link,
2021-12-09 00:07:02,370 ERROR CSVImportExport.cs: 130 - The following columns were not written to the CSV: Link.Joint.ChildLink.link,
2021-12-09 00:07:02,370 ERROR CSVImportExport.cs: 130 - The following columns were not written to the CSV: Link.Joint.ChildLink.link,
2021-12-09 00:07:02,371 ERROR CSVImportExport.cs: 130 - The following columns were not written to the CSV: Link.Joint.ChildLink.link,
2021-12-09 00:07:02,371 INFO  ExportHelper.cs: 234 - Copying log file
2021-12-09 00:07:02,380 INFO  ExportHelper.cs: 439 - Copying C:\Users\armbook\sw2urdf_logs\sw2urdf.log to C:\Users\armbook\Desktop\Robothos\export.log
